[0.627s] Invoking command in '/home/javier/slam_obstacle_ws/build/slam_obstacle_detection': PYTHONPATH=/home/javier/slam_obstacle_ws/build/slam_obstacle_detection/prefix_override:/usr/lib/python3/dist-packages/colcon_core/task/python/colcon_distutils_commands:/home/javier/slam_obstacle_ws/install/slam_obstacle_detection/lib/python3.10/site-packages:${PYTHONPATH} /usr/bin/python3 -W ignore:setup.py install is deprecated -W ignore:easy_install command is deprecated setup.py develop --uninstall --editable --build-directory /home/javier/slam_obstacle_ws/build/slam_obstacle_detection/build
[0.872s] running develop
[1.039s] Removing /home/javier/slam_obstacle_ws/install/slam_obstacle_detection/lib/python3.10/site-packages/slam-obstacle-detection.egg-link (link to .)
[1.056s] Invoked command in '/home/javier/slam_obstacle_ws/build/slam_obstacle_detection' returned '0': PYTHONPATH=/home/javier/slam_obstacle_ws/build/slam_obstacle_detection/prefix_override:/usr/lib/python3/dist-packages/colcon_core/task/python/colcon_distutils_commands:/home/javier/slam_obstacle_ws/install/slam_obstacle_detection/lib/python3.10/site-packages:${PYTHONPATH} /usr/bin/python3 -W ignore:setup.py install is deprecated -W ignore:easy_install command is deprecated setup.py develop --uninstall --editable --build-directory /home/javier/slam_obstacle_ws/build/slam_obstacle_detection/build
[1.058s] Invoking command in '/home/javier/slam_obstacle_ws/src/slam_obstacle_detection': PYTHONPATH=/home/javier/slam_obstacle_ws/build/slam_obstacle_detection/prefix_override:/usr/lib/python3/dist-packages/colcon_core/task/python/colcon_distutils_commands:/home/javier/slam_obstacle_ws/install/slam_obstacle_detection/lib/python3.10/site-packages:${PYTHONPATH} /usr/bin/python3 -W ignore:setup.py install is deprecated -W ignore:easy_install command is deprecated setup.py egg_info --egg-base ../../build/slam_obstacle_detection build --build-base /home/javier/slam_obstacle_ws/build/slam_obstacle_detection/build install --record /home/javier/slam_obstacle_ws/build/slam_obstacle_detection/install.log --single-version-externally-managed install_data --force
[1.283s] running egg_info
[1.284s] writing ../../build/slam_obstacle_detection/slam_obstacle_detection.egg-info/PKG-INFO
[1.308s] writing dependency_links to ../../build/slam_obstacle_detection/slam_obstacle_detection.egg-info/dependency_links.txt
[1.348s] writing entry points to ../../build/slam_obstacle_detection/slam_obstacle_detection.egg-info/entry_points.txt
[1.387s] writing requirements to ../../build/slam_obstacle_detection/slam_obstacle_detection.egg-info/requires.txt
[1.428s] writing top-level names to ../../build/slam_obstacle_detection/slam_obstacle_detection.egg-info/top_level.txt
[1.541s] reading manifest file '../../build/slam_obstacle_detection/slam_obstacle_detection.egg-info/SOURCES.txt'
[1.541s] writing manifest file '../../build/slam_obstacle_detection/slam_obstacle_detection.egg-info/SOURCES.txt'
[1.589s] running build
[1.589s] running build_py
[1.589s] running install
[1.589s] running install_lib
[1.590s] creating /home/javier/slam_obstacle_ws/install/slam_obstacle_detection/lib/python3.10/site-packages/slam_obstacle_detection
[1.590s] copying /home/javier/slam_obstacle_ws/build/slam_obstacle_detection/build/lib/slam_obstacle_detection/move_robot.py -> /home/javier/slam_obstacle_ws/install/slam_obstacle_detection/lib/python3.10/site-packages/slam_obstacle_detection
[2.091s] copying /home/javier/slam_obstacle_ws/build/slam_obstacle_detection/build/lib/slam_obstacle_detection/vision_node.py -> /home/javier/slam_obstacle_ws/install/slam_obstacle_detection/lib/python3.10/site-packages/slam_obstacle_detection
[2.165s] copying /home/javier/slam_obstacle_ws/build/slam_obstacle_detection/build/lib/slam_obstacle_detection/__init__.py -> /home/javier/slam_obstacle_ws/install/slam_obstacle_detection/lib/python3.10/site-packages/slam_obstacle_detection
[2.166s] copying /home/javier/slam_obstacle_ws/build/slam_obstacle_detection/build/lib/slam_obstacle_detection/wall_detector.py -> /home/javier/slam_obstacle_ws/install/slam_obstacle_detection/lib/python3.10/site-packages/slam_obstacle_detection
[2.168s] byte-compiling /home/javier/slam_obstacle_ws/install/slam_obstacle_detection/lib/python3.10/site-packages/slam_obstacle_detection/move_robot.py to move_robot.cpython-310.pyc
[2.170s] byte-compiling /home/javier/slam_obstacle_ws/install/slam_obstacle_detection/lib/python3.10/site-packages/slam_obstacle_detection/vision_node.py to vision_node.cpython-310.pyc
[2.170s] byte-compiling /home/javier/slam_obstacle_ws/install/slam_obstacle_detection/lib/python3.10/site-packages/slam_obstacle_detection/__init__.py to __init__.cpython-310.pyc
[2.171s] byte-compiling /home/javier/slam_obstacle_ws/install/slam_obstacle_detection/lib/python3.10/site-packages/slam_obstacle_detection/wall_detector.py to wall_detector.cpython-310.pyc
[2.171s] running install_data
[2.171s] copying resource/slam_obstacle_detection -> /home/javier/slam_obstacle_ws/install/slam_obstacle_detection/share/ament_index/resource_index/packages
[2.171s] copying package.xml -> /home/javier/slam_obstacle_ws/install/slam_obstacle_detection/share/slam_obstacle_detection
[2.171s] copying launch/slam_world.launch.py -> /home/javier/slam_obstacle_ws/install/slam_obstacle_detection/share/slam_obstacle_detection/launch
[2.171s] running install_egg_info
[2.173s] Copying ../../build/slam_obstacle_detection/slam_obstacle_detection.egg-info to /home/javier/slam_obstacle_ws/install/slam_obstacle_detection/lib/python3.10/site-packages/slam_obstacle_detection-0.0.0-py3.10.egg-info
[2.174s] running install_scripts
[2.189s] Installing move_robot script to /home/javier/slam_obstacle_ws/install/slam_obstacle_detection/lib/slam_obstacle_detection
[2.295s] Installing vision_node script to /home/javier/slam_obstacle_ws/install/slam_obstacle_detection/lib/slam_obstacle_detection
[2.354s] Installing wall_detector script to /home/javier/slam_obstacle_ws/install/slam_obstacle_detection/lib/slam_obstacle_detection
[2.356s] writing list of installed files to '/home/javier/slam_obstacle_ws/build/slam_obstacle_detection/install.log'
[2.375s] Invoked command in '/home/javier/slam_obstacle_ws/src/slam_obstacle_detection' returned '0': PYTHONPATH=/home/javier/slam_obstacle_ws/build/slam_obstacle_detection/prefix_override:/usr/lib/python3/dist-packages/colcon_core/task/python/colcon_distutils_commands:/home/javier/slam_obstacle_ws/install/slam_obstacle_detection/lib/python3.10/site-packages:${PYTHONPATH} /usr/bin/python3 -W ignore:setup.py install is deprecated -W ignore:easy_install command is deprecated setup.py egg_info --egg-base ../../build/slam_obstacle_detection build --build-base /home/javier/slam_obstacle_ws/build/slam_obstacle_detection/build install --record /home/javier/slam_obstacle_ws/build/slam_obstacle_detection/install.log --single-version-externally-managed install_data --force
