[0.016s] Invoking command in '/home/javier/slam_obstacle_ws/build/mi_mundo': CMAKE_PREFIX_PATH=${CMAKE_PREFIX_PATH}:/home/javier/turtlebot3_ws/install/turtlebot3_teleop:/home/javier/turtlebot3_ws/install/obstacle_detector:/home/javier/turtlebot3_ws/install/turtlebot3_example:/home/javier/slam_obstacle_ws/install/slam_obstacle_detection:/home/javier/t2_ws/install/t2_robot:/opt/ros/humble /usr/bin/cmake /home/javier/slam_obstacle_ws/src/mi_mundo -DCMAKE_INSTALL_PREFIX=/home/javier/slam_obstacle_ws/install/mi_mundo
[0.026s] -- Found ament_cmake: 1.3.11 (/opt/ros/humble/share/ament_cmake/cmake)
[0.128s] -- Override CMake install command with custom implementation using symlinks instead of copying resources
[0.134s] -- Found gazebo_ros: 3.9.0 (/opt/ros/humble/share/gazebo_ros/cmake)
[0.161s] -- Found rosidl_generator_c: 3.1.6 (/opt/ros/humble/share/rosidl_generator_c/cmake)
[0.163s] -- Found rosidl_adapter: 3.1.6 (/opt/ros/humble/share/rosidl_adapter/cmake)
[0.168s] -- Found rosidl_generator_cpp: 3.1.6 (/opt/ros/humble/share/rosidl_generator_cpp/cmake)
[0.176s] -- Using all available rosidl_typesupport_c: rosidl_typesupport_fastrtps_c;rosidl_typesupport_introspection_c
[0.186s] -- Using all available rosidl_typesupport_cpp: rosidl_typesupport_fastrtps_cpp;rosidl_typesupport_introspection_cpp
[0.214s] -- Found rmw_implementation_cmake: 6.1.2 (/opt/ros/humble/share/rmw_implementation_cmake/cmake)
[0.215s] -- Found rmw_fastrtps_cpp: 6.2.7 (/opt/ros/humble/share/rmw_fastrtps_cpp/cmake)
[0.310s] -- Using RMW implementation 'rmw_fastrtps_cpp' as default
[0.374s] -- Found DART: /usr/include (Required is at least version "6.6") found components: dart 
[0.395s] -- Found Protobuf: /usr/lib/x86_64-linux-gnu/libprotobuf.so (found version "3.12.4") 
[0.397s] -- Looking for ignition-math6 -- found version 6.15.1
[0.400s] -- Searching for dependencies of ignition-math6
[0.401s] -- Looking for OGRE...
[0.406s] -- Found Ogre Ghadamon (1.9.0)
[0.406s] -- Found OGRE: optimized;/usr/lib/x86_64-linux-gnu/libOgreMain.so;debug;/usr/lib/x86_64-linux-gnu/libOgreMain.so
[0.413s] -- Looking for OGRE_Paging...
[0.414s] -- Found OGRE_Paging: optimized;/usr/lib/x86_64-linux-gnu/libOgrePaging.so;debug;/usr/lib/x86_64-linux-gnu/libOgrePaging.so
[0.414s] -- Looking for OGRE_Terrain...
[0.414s] -- Found OGRE_Terrain: optimized;/usr/lib/x86_64-linux-gnu/libOgreTerrain.so;debug;/usr/lib/x86_64-linux-gnu/libOgreTerrain.so
[0.414s] -- Looking for OGRE_Property...
[0.414s] -- Found OGRE_Property: optimized;/usr/lib/x86_64-linux-gnu/libOgreProperty.so;debug;/usr/lib/x86_64-linux-gnu/libOgreProperty.so
[0.414s] -- Looking for OGRE_RTShaderSystem...
[0.414s] -- Found OGRE_RTShaderSystem: optimized;/usr/lib/x86_64-linux-gnu/libOgreRTShaderSystem.so;debug;/usr/lib/x86_64-linux-gnu/libOgreRTShaderSystem.so
[0.414s] -- Looking for OGRE_Volume...
[0.414s] -- Found OGRE_Volume: optimized;/usr/lib/x86_64-linux-gnu/libOgreVolume.so;debug;/usr/lib/x86_64-linux-gnu/libOgreVolume.so
[0.414s] -- Looking for OGRE_Overlay...
[0.414s] -- Found OGRE_Overlay: optimized;/usr/lib/x86_64-linux-gnu/libOgreOverlay.so;debug;/usr/lib/x86_64-linux-gnu/libOgreOverlay.so
[0.537s] -- Looking for ignition-math6 -- found version 6.15.1
[0.537s] -- Looking for ignition-transport8 -- found version 8.2.1
[0.537s] -- Searching for dependencies of ignition-transport8
[0.555s] -- Found Protobuf: /usr/lib/x86_64-linux-gnu/libprotobuf.so (found suitable version "3.12.4", minimum required is "3") 
[0.567s] -- Config-file not installed for ZeroMQ -- checking for pkg-config
[0.570s] -- Checking for module 'libzmq >= 4'
[0.581s] --   Found libzmq , version 4.3.4
[0.614s] -- Checking for module 'uuid'
[0.625s] --   Found uuid, version 2.37.2
[0.651s] -- Looking for ignition-msgs5 -- found version 5.8.1
[0.651s] -- Searching for dependencies of ignition-msgs5
[0.669s] -- Looking for ignition-math6 -- found version 6.15.1
[0.673s] -- Checking for module 'tinyxml2'
[0.683s] --   Found tinyxml2, version 9.0.0
[0.708s] -- Looking for ignition-msgs5 -- found version 5.8.1
[0.708s] -- Looking for ignition-common3 -- found version 3.14.0
[0.709s] -- Searching for dependencies of ignition-common3
[0.709s] -- Looking for dlfcn.h - found
[0.709s] -- Looking for libdl - found
[0.718s] -- Searching for <ignition-common3> component [graphics]
[0.718s] -- Looking for ignition-common3-graphics -- found version 3.14.0
[0.718s] -- Searching for dependencies of ignition-common3-graphics
[0.719s] -- Looking for ignition-math6 -- found version 6.15.1
[0.720s] -- Looking for ignition-fuel_tools4 -- found version 4.4.0
[0.720s] -- Searching for dependencies of ignition-fuel_tools4
[0.754s] -- Checking for module 'jsoncpp'
[0.764s] --   Found jsoncpp, version 1.9.5
[0.792s] -- Checking for module 'libzip'
[0.802s] --   Found libzip, version 1.7.3
[0.827s] -- Looking for ignition-common3 -- found version 3.14.0
[0.827s] -- Looking for ignition-math6 -- found version 6.15.1
[0.828s] -- Looking for ignition-msgs5 -- found version 5.8.1
[0.829s] -- Gazebo version: 11.10
[0.830s] -- Found ament_lint_auto: 0.12.11 (/opt/ros/humble/share/ament_lint_auto/cmake)
[1.018s] -- Added test 'lint_cmake' to check CMake code style
[1.019s] -- Added test 'xmllint' to check XML markup files
[1.020s] -- Configuring done
[1.279s] -- Generating done
[1.549s] -- Build files have been written to: /home/javier/slam_obstacle_ws/build/mi_mundo
[1.557s] Invoked command in '/home/javier/slam_obstacle_ws/build/mi_mundo' returned '0': CMAKE_PREFIX_PATH=${CMAKE_PREFIX_PATH}:/home/javier/turtlebot3_ws/install/turtlebot3_teleop:/home/javier/turtlebot3_ws/install/obstacle_detector:/home/javier/turtlebot3_ws/install/turtlebot3_example:/home/javier/slam_obstacle_ws/install/slam_obstacle_detection:/home/javier/t2_ws/install/t2_robot:/opt/ros/humble /usr/bin/cmake /home/javier/slam_obstacle_ws/src/mi_mundo -DCMAKE_INSTALL_PREFIX=/home/javier/slam_obstacle_ws/install/mi_mundo
[1.559s] Invoking command in '/home/javier/slam_obstacle_ws/build/mi_mundo': CMAKE_PREFIX_PATH=${CMAKE_PREFIX_PATH}:/home/javier/turtlebot3_ws/install/turtlebot3_teleop:/home/javier/turtlebot3_ws/install/obstacle_detector:/home/javier/turtlebot3_ws/install/turtlebot3_example:/home/javier/slam_obstacle_ws/install/slam_obstacle_detection:/home/javier/t2_ws/install/t2_robot:/opt/ros/humble /usr/bin/cmake --build /home/javier/slam_obstacle_ws/build/mi_mundo -- -j12 -l12
[1.592s] Invoked command in '/home/javier/slam_obstacle_ws/build/mi_mundo' returned '0': CMAKE_PREFIX_PATH=${CMAKE_PREFIX_PATH}:/home/javier/turtlebot3_ws/install/turtlebot3_teleop:/home/javier/turtlebot3_ws/install/obstacle_detector:/home/javier/turtlebot3_ws/install/turtlebot3_example:/home/javier/slam_obstacle_ws/install/slam_obstacle_detection:/home/javier/t2_ws/install/t2_robot:/opt/ros/humble /usr/bin/cmake --build /home/javier/slam_obstacle_ws/build/mi_mundo -- -j12 -l12
[1.601s] Invoking command in '/home/javier/slam_obstacle_ws/build/mi_mundo': CMAKE_PREFIX_PATH=${CMAKE_PREFIX_PATH}:/home/javier/turtlebot3_ws/install/turtlebot3_teleop:/home/javier/turtlebot3_ws/install/obstacle_detector:/home/javier/turtlebot3_ws/install/turtlebot3_example:/home/javier/slam_obstacle_ws/install/slam_obstacle_detection:/home/javier/t2_ws/install/t2_robot:/opt/ros/humble /usr/bin/cmake --install /home/javier/slam_obstacle_ws/build/mi_mundo
[1.606s] -- Install configuration: ""
[1.606s] -- Execute custom install script
[1.607s] -- Up-to-date symlink: /home/javier/slam_obstacle_ws/install/mi_mundo/share/mi_mundo/worlds/nuevo_mapa.world
[1.607s] -- Up-to-date symlink: /home/javier/slam_obstacle_ws/install/mi_mundo/share/ament_index/resource_index/package_run_dependencies/mi_mundo
[1.607s] -- Up-to-date symlink: /home/javier/slam_obstacle_ws/install/mi_mundo/share/ament_index/resource_index/parent_prefix_path/mi_mundo
[1.607s] -- Up-to-date symlink: /home/javier/slam_obstacle_ws/install/mi_mundo/share/mi_mundo/environment/ament_prefix_path.sh
[1.607s] -- Up-to-date symlink: /home/javier/slam_obstacle_ws/install/mi_mundo/share/mi_mundo/environment/ament_prefix_path.dsv
[1.607s] -- Up-to-date symlink: /home/javier/slam_obstacle_ws/install/mi_mundo/share/mi_mundo/environment/path.sh
[1.607s] -- Up-to-date symlink: /home/javier/slam_obstacle_ws/install/mi_mundo/share/mi_mundo/environment/path.dsv
[1.608s] -- Up-to-date symlink: /home/javier/slam_obstacle_ws/install/mi_mundo/share/mi_mundo/local_setup.bash
[1.608s] -- Up-to-date symlink: /home/javier/slam_obstacle_ws/install/mi_mundo/share/mi_mundo/local_setup.sh
[1.608s] -- Up-to-date symlink: /home/javier/slam_obstacle_ws/install/mi_mundo/share/mi_mundo/local_setup.zsh
[1.608s] -- Up-to-date symlink: /home/javier/slam_obstacle_ws/install/mi_mundo/share/mi_mundo/local_setup.dsv
[1.608s] -- Symlinking: /home/javier/slam_obstacle_ws/install/mi_mundo/share/mi_mundo/package.dsv
[1.615s] -- Up-to-date symlink: /home/javier/slam_obstacle_ws/install/mi_mundo/share/ament_index/resource_index/packages/mi_mundo
[1.615s] -- Up-to-date symlink: /home/javier/slam_obstacle_ws/install/mi_mundo/share/mi_mundo/cmake/mi_mundoConfig.cmake
[1.615s] -- Up-to-date symlink: /home/javier/slam_obstacle_ws/install/mi_mundo/share/mi_mundo/cmake/mi_mundoConfig-version.cmake
[1.615s] -- Up-to-date symlink: /home/javier/slam_obstacle_ws/install/mi_mundo/share/mi_mundo/package.xml
[1.617s] Invoked command in '/home/javier/slam_obstacle_ws/build/mi_mundo' returned '0': CMAKE_PREFIX_PATH=${CMAKE_PREFIX_PATH}:/home/javier/turtlebot3_ws/install/turtlebot3_teleop:/home/javier/turtlebot3_ws/install/obstacle_detector:/home/javier/turtlebot3_ws/install/turtlebot3_example:/home/javier/slam_obstacle_ws/install/slam_obstacle_detection:/home/javier/t2_ws/install/t2_robot:/opt/ros/humble /usr/bin/cmake --install /home/javier/slam_obstacle_ws/build/mi_mundo
