-- Found ament_cmake: 1.3.11 (/opt/ros/humble/share/ament_cmake/cmake)
-- Override CMake install command with custom implementation using symlinks instead of copying resources
-- Found ament_lint_auto: 0.12.11 (/opt/ros/humble/share/ament_lint_auto/cmake)
-- Added test 'lint_cmake' to check CMake code style
-- Added test 'xmllint' to check XML markup files
-- Configuring done
-- Generating done
-- Build files have been written to: /home/javier/slam_obstacle_ws/build/mi_mundo
-- Install configuration: ""
-- Execute custom install script
-- Up-to-date symlink: /home/javier/slam_obstacle_ws/install/mi_mundo/share/mi_mundo/worlds/nuevo_mapa.world
-- Up-to-date symlink: /home/javier/slam_obstacle_ws/install/mi_mundo/share/ament_index/resource_index/package_run_dependencies/mi_mundo
-- Up-to-date symlink: /home/javier/slam_obstacle_ws/install/mi_mundo/share/ament_index/resource_index/parent_prefix_path/mi_mundo
-- Up-to-date symlink: /home/javier/slam_obstacle_ws/install/mi_mundo/share/mi_mundo/environment/ament_prefix_path.sh
-- Up-to-date symlink: /home/javier/slam_obstacle_ws/install/mi_mundo/share/mi_mundo/environment/ament_prefix_path.dsv
-- Up-to-date symlink: /home/javier/slam_obstacle_ws/install/mi_mundo/share/mi_mundo/environment/path.sh
-- Up-to-date symlink: /home/javier/slam_obstacle_ws/install/mi_mundo/share/mi_mundo/environment/path.dsv
-- Up-to-date symlink: /home/javier/slam_obstacle_ws/install/mi_mundo/share/mi_mundo/local_setup.bash
-- Up-to-date symlink: /home/javier/slam_obstacle_ws/install/mi_mundo/share/mi_mundo/local_setup.sh
-- Up-to-date symlink: /home/javier/slam_obstacle_ws/install/mi_mundo/share/mi_mundo/local_setup.zsh
-- Up-to-date symlink: /home/javier/slam_obstacle_ws/install/mi_mundo/share/mi_mundo/local_setup.dsv
-- Symlinking: /home/javier/slam_obstacle_ws/install/mi_mundo/share/mi_mundo/package.dsv
-- Up-to-date symlink: /home/javier/slam_obstacle_ws/install/mi_mundo/share/ament_index/resource_index/packages/mi_mundo
-- Up-to-date symlink: /home/javier/slam_obstacle_ws/install/mi_mundo/share/mi_mundo/cmake/mi_mundoConfig.cmake
-- Up-to-date symlink: /home/javier/slam_obstacle_ws/install/mi_mundo/share/mi_mundo/cmake/mi_mundoConfig-version.cmake
-- Up-to-date symlink: /home/javier/slam_obstacle_ws/install/mi_mundo/share/mi_mundo/package.xml
