running egg_info
writing ../../build/slam_obstacle_detection/slam_obstacle_detection.egg-info/PKG-INFO
writing dependency_links to ../../build/slam_obstacle_detection/slam_obstacle_detection.egg-info/dependency_links.txt
writing entry points to ../../build/slam_obstacle_detection/slam_obstacle_detection.egg-info/entry_points.txt
writing requirements to ../../build/slam_obstacle_detection/slam_obstacle_detection.egg-info/requires.txt
writing top-level names to ../../build/slam_obstacle_detection/slam_obstacle_detection.egg-info/top_level.txt
reading manifest file '../../build/slam_obstacle_detection/slam_obstacle_detection.egg-info/SOURCES.txt'
writing manifest file '../../build/slam_obstacle_detection/slam_obstacle_detection.egg-info/SOURCES.txt'
running build
running build_py
copying slam_obstacle_detection/move_robot.py -> /home/javier/slam_obstacle_ws/build/slam_obstacle_detection/build/lib/slam_obstacle_detection
running install
running install_lib
copying /home/javier/slam_obstacle_ws/build/slam_obstacle_detection/build/lib/slam_obstacle_detection/move_robot.py -> /home/javier/slam_obstacle_ws/install/slam_obstacle_detection/lib/python3.10/site-packages/slam_obstacle_detection
byte-compiling /home/javier/slam_obstacle_ws/install/slam_obstacle_detection/lib/python3.10/site-packages/slam_obstacle_detection/move_robot.py to move_robot.cpython-310.pyc
running install_data
running install_egg_info
removing '/home/javier/slam_obstacle_ws/install/slam_obstacle_detection/lib/python3.10/site-packages/slam_obstacle_detection-0.0.0-py3.10.egg-info' (and everything under it)
Copying ../../build/slam_obstacle_detection/slam_obstacle_detection.egg-info to /home/javier/slam_obstacle_ws/install/slam_obstacle_detection/lib/python3.10/site-packages/slam_obstacle_detection-0.0.0-py3.10.egg-info
running install_scripts
Installing move_robot script to /home/javier/slam_obstacle_ws/install/slam_obstacle_detection/lib/slam_obstacle_detection
Installing vision_node script to /home/javier/slam_obstacle_ws/install/slam_obstacle_detection/lib/slam_obstacle_detection
Installing wall_detector script to /home/javier/slam_obstacle_ws/install/slam_obstacle_detection/lib/slam_obstacle_detection
writing list of installed files to '/home/javier/slam_obstacle_ws/build/slam_obstacle_detection/install.log'
