[0.014s] Invoking command in '/home/javier/slam_obstacle_ws/build/mi_mundo': CMAKE_PREFIX_PATH=${CMAKE_PREFIX_PATH}:/home/javier/turtlebot3_ws/install/turtlebot3_teleop:/home/javier/turtlebot3_ws/install/obstacle_detector:/home/javier/turtlebot3_ws/install/turtlebot3_example:/home/javier/slam_obstacle_ws/install/slam_obstacle_detection:/home/javier/t2_ws/install/t2_robot:/opt/ros/humble /usr/bin/cmake /home/javier/slam_obstacle_ws/src/mi_mundo -DAMENT_CMAKE_SYMLINK_INSTALL=1 -DCMAKE_INSTALL_PREFIX=/home/javier/slam_obstacle_ws/install/mi_mundo
[0.027s] -- Found ament_cmake: 1.3.11 (/opt/ros/humble/share/ament_cmake/cmake)
[0.128s] -- Override CMake install command with custom implementation using symlinks instead of copying resources
[0.134s] -- Found gazebo_ros: 3.9.0 (/opt/ros/humble/share/gazebo_ros/cmake)
[0.160s] -- Found rosidl_generator_c: 3.1.6 (/opt/ros/humble/share/rosidl_generator_c/cmake)
[0.162s] -- Found rosidl_adapter: 3.1.6 (/opt/ros/humble/share/rosidl_adapter/cmake)
[0.167s] -- Found rosidl_generator_cpp: 3.1.6 (/opt/ros/humble/share/rosidl_generator_cpp/cmake)
[0.175s] -- Using all available rosidl_typesupport_c: rosidl_typesupport_fastrtps_c;rosidl_typesupport_introspection_c
[0.186s] -- Using all available rosidl_typesupport_cpp: rosidl_typesupport_fastrtps_cpp;rosidl_typesupport_introspection_cpp
[0.213s] -- Found rmw_implementation_cmake: 6.1.2 (/opt/ros/humble/share/rmw_implementation_cmake/cmake)
[0.215s] -- Found rmw_fastrtps_cpp: 6.2.7 (/opt/ros/humble/share/rmw_fastrtps_cpp/cmake)
[0.309s] -- Using RMW implementation 'rmw_fastrtps_cpp' as default
[0.373s] -- Found DART: /usr/include (Required is at least version "6.6") found components: dart 
[0.395s] -- Found Protobuf: /usr/lib/x86_64-linux-gnu/libprotobuf.so (found version "3.12.4") 
[0.396s] -- Looking for ignition-math6 -- found version 6.15.1
[0.400s] -- Searching for dependencies of ignition-math6
[0.401s] -- Looking for OGRE...
[0.405s] -- Found Ogre Ghadamon (1.9.0)
[0.405s] -- Found OGRE: optimized;/usr/lib/x86_64-linux-gnu/libOgreMain.so;debug;/usr/lib/x86_64-linux-gnu/libOgreMain.so
[0.413s] -- Looking for OGRE_Paging...
[0.413s] -- Found OGRE_Paging: optimized;/usr/lib/x86_64-linux-gnu/libOgrePaging.so;debug;/usr/lib/x86_64-linux-gnu/libOgrePaging.so
[0.413s] -- Looking for OGRE_Terrain...
[0.413s] -- Found OGRE_Terrain: optimized;/usr/lib/x86_64-linux-gnu/libOgreTerrain.so;debug;/usr/lib/x86_64-linux-gnu/libOgreTerrain.so
[0.413s] -- Looking for OGRE_Property...
[0.413s] -- Found OGRE_Property: optimized;/usr/lib/x86_64-linux-gnu/libOgreProperty.so;debug;/usr/lib/x86_64-linux-gnu/libOgreProperty.so
[0.413s] -- Looking for OGRE_RTShaderSystem...
[0.413s] -- Found OGRE_RTShaderSystem: optimized;/usr/lib/x86_64-linux-gnu/libOgreRTShaderSystem.so;debug;/usr/lib/x86_64-linux-gnu/libOgreRTShaderSystem.so
[0.413s] -- Looking for OGRE_Volume...
[0.413s] -- Found OGRE_Volume: optimized;/usr/lib/x86_64-linux-gnu/libOgreVolume.so;debug;/usr/lib/x86_64-linux-gnu/libOgreVolume.so
[0.413s] -- Looking for OGRE_Overlay...
[0.413s] -- Found OGRE_Overlay: optimized;/usr/lib/x86_64-linux-gnu/libOgreOverlay.so;debug;/usr/lib/x86_64-linux-gnu/libOgreOverlay.so
[0.535s] -- Looking for ignition-math6 -- found version 6.15.1
[0.536s] -- Looking for ignition-transport8 -- found version 8.2.1
[0.536s] -- Searching for dependencies of ignition-transport8
[0.553s] -- Found Protobuf: /usr/lib/x86_64-linux-gnu/libprotobuf.so (found suitable version "3.12.4", minimum required is "3") 
[0.564s] -- Config-file not installed for ZeroMQ -- checking for pkg-config
[0.568s] -- Checking for module 'libzmq >= 4'
[0.578s] --   Found libzmq , version 4.3.4
[0.611s] -- Checking for module 'uuid'
[0.622s] --   Found uuid, version 2.37.2
[0.649s] -- Looking for ignition-msgs5 -- found version 5.8.1
[0.649s] -- Searching for dependencies of ignition-msgs5
[0.667s] -- Looking for ignition-math6 -- found version 6.15.1
[0.671s] -- Checking for module 'tinyxml2'
[0.681s] --   Found tinyxml2, version 9.0.0
[0.706s] -- Looking for ignition-msgs5 -- found version 5.8.1
[0.706s] -- Looking for ignition-common3 -- found version 3.14.0
[0.707s] -- Searching for dependencies of ignition-common3
[0.707s] -- Looking for dlfcn.h - found
[0.707s] -- Looking for libdl - found
[0.716s] -- Searching for <ignition-common3> component [graphics]
[0.716s] -- Looking for ignition-common3-graphics -- found version 3.14.0
[0.717s] -- Searching for dependencies of ignition-common3-graphics
[0.717s] -- Looking for ignition-math6 -- found version 6.15.1
[0.718s] -- Looking for ignition-fuel_tools4 -- found version 4.4.0
[0.719s] -- Searching for dependencies of ignition-fuel_tools4
[0.752s] -- Checking for module 'jsoncpp'
[0.762s] --   Found jsoncpp, version 1.9.5
[0.791s] -- Checking for module 'libzip'
[0.801s] --   Found libzip, version 1.7.3
[0.826s] -- Looking for ignition-common3 -- found version 3.14.0
[0.826s] -- Looking for ignition-math6 -- found version 6.15.1
[0.826s] -- Looking for ignition-msgs5 -- found version 5.8.1
[0.828s] -- Gazebo version: 11.10
[0.829s] -- Found ament_lint_auto: 0.12.11 (/opt/ros/humble/share/ament_lint_auto/cmake)
[0.888s] -- Added test 'lint_cmake' to check CMake code style
[0.889s] -- Added test 'xmllint' to check XML markup files
[0.890s] -- Configuring done
[0.894s] -- Generating done
[0.896s] -- Build files have been written to: /home/javier/slam_obstacle_ws/build/mi_mundo
[0.905s] Invoked command in '/home/javier/slam_obstacle_ws/build/mi_mundo' returned '0': CMAKE_PREFIX_PATH=${CMAKE_PREFIX_PATH}:/home/javier/turtlebot3_ws/install/turtlebot3_teleop:/home/javier/turtlebot3_ws/install/obstacle_detector:/home/javier/turtlebot3_ws/install/turtlebot3_example:/home/javier/slam_obstacle_ws/install/slam_obstacle_detection:/home/javier/t2_ws/install/t2_robot:/opt/ros/humble /usr/bin/cmake /home/javier/slam_obstacle_ws/src/mi_mundo -DAMENT_CMAKE_SYMLINK_INSTALL=1 -DCMAKE_INSTALL_PREFIX=/home/javier/slam_obstacle_ws/install/mi_mundo
[0.905s] Invoking command in '/home/javier/slam_obstacle_ws/build/mi_mundo': CMAKE_PREFIX_PATH=${CMAKE_PREFIX_PATH}:/home/javier/turtlebot3_ws/install/turtlebot3_teleop:/home/javier/turtlebot3_ws/install/obstacle_detector:/home/javier/turtlebot3_ws/install/turtlebot3_example:/home/javier/slam_obstacle_ws/install/slam_obstacle_detection:/home/javier/t2_ws/install/t2_robot:/opt/ros/humble /usr/bin/cmake --build /home/javier/slam_obstacle_ws/build/mi_mundo -- -j12 -l12
[0.939s] Invoked command in '/home/javier/slam_obstacle_ws/build/mi_mundo' returned '0': CMAKE_PREFIX_PATH=${CMAKE_PREFIX_PATH}:/home/javier/turtlebot3_ws/install/turtlebot3_teleop:/home/javier/turtlebot3_ws/install/obstacle_detector:/home/javier/turtlebot3_ws/install/turtlebot3_example:/home/javier/slam_obstacle_ws/install/slam_obstacle_detection:/home/javier/t2_ws/install/t2_robot:/opt/ros/humble /usr/bin/cmake --build /home/javier/slam_obstacle_ws/build/mi_mundo -- -j12 -l12
[0.947s] Invoking command in '/home/javier/slam_obstacle_ws/build/mi_mundo': CMAKE_PREFIX_PATH=${CMAKE_PREFIX_PATH}:/home/javier/turtlebot3_ws/install/turtlebot3_teleop:/home/javier/turtlebot3_ws/install/obstacle_detector:/home/javier/turtlebot3_ws/install/turtlebot3_example:/home/javier/slam_obstacle_ws/install/slam_obstacle_detection:/home/javier/t2_ws/install/t2_robot:/opt/ros/humble /usr/bin/cmake --install /home/javier/slam_obstacle_ws/build/mi_mundo
[0.952s] -- Install configuration: ""
[0.952s] -- Execute custom install script
[0.953s] -- Up-to-date symlink: /home/javier/slam_obstacle_ws/install/mi_mundo/share/mi_mundo/worlds/nuevo_mapa.world
[0.953s] -- Up-to-date symlink: /home/javier/slam_obstacle_ws/install/mi_mundo/share/ament_index/resource_index/package_run_dependencies/mi_mundo
[0.953s] -- Up-to-date symlink: /home/javier/slam_obstacle_ws/install/mi_mundo/share/ament_index/resource_index/parent_prefix_path/mi_mundo
[0.953s] -- Up-to-date symlink: /home/javier/slam_obstacle_ws/install/mi_mundo/share/mi_mundo/environment/ament_prefix_path.sh
[0.953s] -- Up-to-date symlink: /home/javier/slam_obstacle_ws/install/mi_mundo/share/mi_mundo/environment/ament_prefix_path.dsv
[0.953s] -- Up-to-date symlink: /home/javier/slam_obstacle_ws/install/mi_mundo/share/mi_mundo/environment/path.sh
[0.953s] -- Up-to-date symlink: /home/javier/slam_obstacle_ws/install/mi_mundo/share/mi_mundo/environment/path.dsv
[0.954s] -- Up-to-date symlink: /home/javier/slam_obstacle_ws/install/mi_mundo/share/mi_mundo/local_setup.bash
[0.954s] -- Up-to-date symlink: /home/javier/slam_obstacle_ws/install/mi_mundo/share/mi_mundo/local_setup.sh
[0.954s] -- Up-to-date symlink: /home/javier/slam_obstacle_ws/install/mi_mundo/share/mi_mundo/local_setup.zsh
[0.954s] -- Up-to-date symlink: /home/javier/slam_obstacle_ws/install/mi_mundo/share/mi_mundo/local_setup.dsv
[0.954s] -- Symlinking: /home/javier/slam_obstacle_ws/install/mi_mundo/share/mi_mundo/package.dsv
[0.961s] -- Up-to-date symlink: /home/javier/slam_obstacle_ws/install/mi_mundo/share/ament_index/resource_index/packages/mi_mundo
[0.961s] -- Up-to-date symlink: /home/javier/slam_obstacle_ws/install/mi_mundo/share/mi_mundo/cmake/mi_mundoConfig.cmake
[0.961s] -- Up-to-date symlink: /home/javier/slam_obstacle_ws/install/mi_mundo/share/mi_mundo/cmake/mi_mundoConfig-version.cmake
[0.961s] -- Up-to-date symlink: /home/javier/slam_obstacle_ws/install/mi_mundo/share/mi_mundo/package.xml
[0.963s] Invoked command in '/home/javier/slam_obstacle_ws/build/mi_mundo' returned '0': CMAKE_PREFIX_PATH=${CMAKE_PREFIX_PATH}:/home/javier/turtlebot3_ws/install/turtlebot3_teleop:/home/javier/turtlebot3_ws/install/obstacle_detector:/home/javier/turtlebot3_ws/install/turtlebot3_example:/home/javier/slam_obstacle_ws/install/slam_obstacle_detection:/home/javier/t2_ws/install/t2_robot:/opt/ros/humble /usr/bin/cmake --install /home/javier/slam_obstacle_ws/build/mi_mundo
