[0.604s] DEBUG:colcon:Command line arguments: ['/usr/bin/colcon', 'build', '--symlink-install']
[0.604s] DEBUG:colcon:Parsed command line arguments: Namespace(log_base=None, log_level=None, verb_name='build', build_base='build', install_base='install', merge_install=False, symlink_install=True, test_result_base=None, continue_on_error=False, executor='parallel', parallel_workers=12, event_handlers=None, ignore_user_meta=False, metas=['./colcon.meta'], base_paths=['.'], packages_ignore=None, packages_ignore_regex=None, paths=None, packages_up_to=None, packages_up_to_regex=None, packages_above=None, packages_above_and_dependencies=None, packages_above_depth=None, packages_select_by_dep=None, packages_skip_by_dep=None, packages_skip_up_to=None, packages_select_build_failed=False, packages_skip_build_finished=False, packages_select_test_failures=False, packages_skip_test_passed=False, packages_select=None, packages_skip=None, packages_select_regex=None, packages_skip_regex=None, packages_start=None, packages_end=None, allow_overriding=[], cmake_args=None, cmake_target=None, cmake_target_skip_unavailable=False, cmake_clean_cache=False, cmake_clean_first=False, cmake_force_configure=False, ament_cmake_args=None, catkin_cmake_args=None, catkin_skip_building_tests=False, mixin_files=None, mixin=None, verb_parser=<colcon_mixin.mixin.mixin_argument.MixinArgumentDecorator object at 0x7e5445ba4580>, verb_extension=<colcon_core.verb.build.BuildVerb object at 0x7e5445cb14e0>, main=<bound method BuildVerb.main of <colcon_core.verb.build.BuildVerb object at 0x7e5445cb14e0>>, mixin_verb=('build',))
[4.281s] Level 1:colcon.colcon_core.package_discovery:discover_packages(colcon_meta) check parameters
[4.281s] Level 1:colcon.colcon_core.package_discovery:discover_packages(recursive) check parameters
[4.281s] Level 1:colcon.colcon_core.package_discovery:discover_packages(ignore) check parameters
[4.281s] Level 1:colcon.colcon_core.package_discovery:discover_packages(path) check parameters
[4.282s] Level 1:colcon.colcon_core.package_discovery:discover_packages(colcon_meta) discover
[4.282s] Level 1:colcon.colcon_core.package_discovery:discover_packages(recursive) discover
[4.282s] INFO:colcon.colcon_core.package_discovery:Crawling recursively for packages in '/home/javier/slam_obstacle_ws'
[4.282s] Level 1:colcon.colcon_core.package_identification:_identify(.) by extensions ['ignore', 'ignore_ament_install']
[4.282s] Level 1:colcon.colcon_core.package_identification:_identify(.) by extension 'ignore'
[4.282s] Level 1:colcon.colcon_core.package_identification:_identify(.) by extension 'ignore_ament_install'
[4.282s] Level 1:colcon.colcon_core.package_identification:_identify(.) by extensions ['colcon_pkg']
[4.282s] Level 1:colcon.colcon_core.package_identification:_identify(.) by extension 'colcon_pkg'
[4.282s] Level 1:colcon.colcon_core.package_identification:_identify(.) by extensions ['colcon_meta']
[4.282s] Level 1:colcon.colcon_core.package_identification:_identify(.) by extension 'colcon_meta'
[4.282s] Level 1:colcon.colcon_core.package_identification:_identify(.) by extensions ['ros']
[4.282s] Level 1:colcon.colcon_core.package_identification:_identify(.) by extension 'ros'
[4.297s] Level 1:colcon.colcon_core.package_identification:_identify(.) by extensions ['cmake', 'python']
[4.297s] Level 1:colcon.colcon_core.package_identification:_identify(.) by extension 'cmake'
[4.297s] Level 1:colcon.colcon_core.package_identification:_identify(.) by extension 'python'
[4.297s] Level 1:colcon.colcon_core.package_identification:_identify(.) by extensions ['python_setup_py']
[4.297s] Level 1:colcon.colcon_core.package_identification:_identify(.) by extension 'python_setup_py'
[4.297s] Level 1:colcon.colcon_core.package_identification:_identify(build) by extensions ['ignore', 'ignore_ament_install']
[4.297s] Level 1:colcon.colcon_core.package_identification:_identify(build) by extension 'ignore'
[4.297s] Level 1:colcon.colcon_core.package_identification:_identify(build) ignored
[4.297s] Level 1:colcon.colcon_core.package_identification:_identify(install) by extensions ['ignore', 'ignore_ament_install']
[4.297s] Level 1:colcon.colcon_core.package_identification:_identify(install) by extension 'ignore'
[4.297s] Level 1:colcon.colcon_core.package_identification:_identify(install) ignored
[4.298s] Level 1:colcon.colcon_core.package_identification:_identify(log) by extensions ['ignore', 'ignore_ament_install']
[4.298s] Level 1:colcon.colcon_core.package_identification:_identify(log) by extension 'ignore'
[4.298s] Level 1:colcon.colcon_core.package_identification:_identify(log) ignored
[4.298s] Level 1:colcon.colcon_core.package_identification:_identify(src) by extensions ['ignore', 'ignore_ament_install']
[4.298s] Level 1:colcon.colcon_core.package_identification:_identify(src) by extension 'ignore'
[4.298s] Level 1:colcon.colcon_core.package_identification:_identify(src) by extension 'ignore_ament_install'
[4.298s] Level 1:colcon.colcon_core.package_identification:_identify(src) by extensions ['colcon_pkg']
[4.298s] Level 1:colcon.colcon_core.package_identification:_identify(src) by extension 'colcon_pkg'
[4.298s] Level 1:colcon.colcon_core.package_identification:_identify(src) by extensions ['colcon_meta']
[4.298s] Level 1:colcon.colcon_core.package_identification:_identify(src) by extension 'colcon_meta'
[4.298s] Level 1:colcon.colcon_core.package_identification:_identify(src) by extensions ['ros']
[4.298s] Level 1:colcon.colcon_core.package_identification:_identify(src) by extension 'ros'
[4.298s] Level 1:colcon.colcon_core.package_identification:_identify(src) by extensions ['cmake', 'python']
[4.298s] Level 1:colcon.colcon_core.package_identification:_identify(src) by extension 'cmake'
[4.298s] Level 1:colcon.colcon_core.package_identification:_identify(src) by extension 'python'
[4.298s] Level 1:colcon.colcon_core.package_identification:_identify(src) by extensions ['python_setup_py']
[4.298s] Level 1:colcon.colcon_core.package_identification:_identify(src) by extension 'python_setup_py'
[4.298s] Level 1:colcon.colcon_core.package_identification:_identify(src/mi_mundo) by extensions ['ignore', 'ignore_ament_install']
[4.298s] Level 1:colcon.colcon_core.package_identification:_identify(src/mi_mundo) by extension 'ignore'
[4.298s] Level 1:colcon.colcon_core.package_identification:_identify(src/mi_mundo) by extension 'ignore_ament_install'
[4.298s] Level 1:colcon.colcon_core.package_identification:_identify(src/mi_mundo) by extensions ['colcon_pkg']
[4.298s] Level 1:colcon.colcon_core.package_identification:_identify(src/mi_mundo) by extension 'colcon_pkg'
[4.298s] Level 1:colcon.colcon_core.package_identification:_identify(src/mi_mundo) by extensions ['colcon_meta']
[4.298s] Level 1:colcon.colcon_core.package_identification:_identify(src/mi_mundo) by extension 'colcon_meta'
[4.299s] Level 1:colcon.colcon_core.package_identification:_identify(src/mi_mundo) by extensions ['ros']
[4.299s] Level 1:colcon.colcon_core.package_identification:_identify(src/mi_mundo) by extension 'ros'
[4.300s] DEBUG:colcon.colcon_core.package_identification:Package 'src/mi_mundo' with type 'ros.ament_cmake' and name 'mi_mundo'
[4.300s] Level 1:colcon.colcon_core.package_identification:_identify(src/slam_obstacle_detection) by extensions ['ignore', 'ignore_ament_install']
[4.300s] Level 1:colcon.colcon_core.package_identification:_identify(src/slam_obstacle_detection) by extension 'ignore'
[4.301s] Level 1:colcon.colcon_core.package_identification:_identify(src/slam_obstacle_detection) by extension 'ignore_ament_install'
[4.301s] Level 1:colcon.colcon_core.package_identification:_identify(src/slam_obstacle_detection) by extensions ['colcon_pkg']
[4.301s] Level 1:colcon.colcon_core.package_identification:_identify(src/slam_obstacle_detection) by extension 'colcon_pkg'
[4.301s] Level 1:colcon.colcon_core.package_identification:_identify(src/slam_obstacle_detection) by extensions ['colcon_meta']
[4.301s] Level 1:colcon.colcon_core.package_identification:_identify(src/slam_obstacle_detection) by extension 'colcon_meta'
[4.301s] Level 1:colcon.colcon_core.package_identification:_identify(src/slam_obstacle_detection) by extensions ['ros']
[4.301s] Level 1:colcon.colcon_core.package_identification:_identify(src/slam_obstacle_detection) by extension 'ros'
[4.301s] DEBUG:colcon.colcon_core.package_identification:Package 'src/slam_obstacle_detection' with type 'ros.ament_python' and name 'slam_obstacle_detection'
[4.301s] Level 1:colcon.colcon_core.package_discovery:discover_packages(recursive) using defaults
[4.301s] Level 1:colcon.colcon_core.package_discovery:discover_packages(ignore) discover
[4.301s] Level 1:colcon.colcon_core.package_discovery:discover_packages(ignore) using defaults
[4.301s] Level 1:colcon.colcon_core.package_discovery:discover_packages(path) discover
[4.302s] Level 1:colcon.colcon_core.package_discovery:discover_packages(path) using defaults
[4.570s] Level 1:colcon.colcon_core.package_discovery:discover_packages(prefix_path) check parameters
[4.570s] Level 1:colcon.colcon_core.package_discovery:discover_packages(prefix_path) discover
[4.602s] DEBUG:colcon.colcon_installed_package_information.package_discovery:Found 12 installed packages in /home/javier/turtlebot3_ws/install
[4.604s] DEBUG:colcon.colcon_installed_package_information.package_discovery:Found 2 installed packages in /home/javier/slam_obstacle_ws/install
[4.606s] DEBUG:colcon.colcon_installed_package_information.package_discovery:Found 1 installed packages in /home/javier/t2_ws/install
[4.615s] DEBUG:colcon.colcon_installed_package_information.package_discovery:Found 469 installed packages in /opt/ros/humble
[4.627s] Level 1:colcon.colcon_core.package_discovery:discover_packages(prefix_path) using defaults
[4.967s] Level 5:colcon.colcon_core.verb:set package 'mi_mundo' build argument 'cmake_args' from command line to 'None'
[4.967s] Level 5:colcon.colcon_core.verb:set package 'mi_mundo' build argument 'cmake_target' from command line to 'None'
[4.967s] Level 5:colcon.colcon_core.verb:set package 'mi_mundo' build argument 'cmake_target_skip_unavailable' from command line to 'False'
[4.968s] Level 5:colcon.colcon_core.verb:set package 'mi_mundo' build argument 'cmake_clean_cache' from command line to 'False'
[4.968s] Level 5:colcon.colcon_core.verb:set package 'mi_mundo' build argument 'cmake_clean_first' from command line to 'False'
[4.968s] Level 5:colcon.colcon_core.verb:set package 'mi_mundo' build argument 'cmake_force_configure' from command line to 'False'
[4.968s] Level 5:colcon.colcon_core.verb:set package 'mi_mundo' build argument 'ament_cmake_args' from command line to 'None'
[4.968s] Level 5:colcon.colcon_core.verb:set package 'mi_mundo' build argument 'catkin_cmake_args' from command line to 'None'
[4.968s] Level 5:colcon.colcon_core.verb:set package 'mi_mundo' build argument 'catkin_skip_building_tests' from command line to 'False'
[4.968s] DEBUG:colcon.colcon_core.verb:Building package 'mi_mundo' with the following arguments: {'ament_cmake_args': None, 'build_base': '/home/javier/slam_obstacle_ws/build/mi_mundo', 'catkin_cmake_args': None, 'catkin_skip_building_tests': False, 'cmake_args': None, 'cmake_clean_cache': False, 'cmake_clean_first': False, 'cmake_force_configure': False, 'cmake_target': None, 'cmake_target_skip_unavailable': False, 'install_base': '/home/javier/slam_obstacle_ws/install/mi_mundo', 'merge_install': False, 'path': '/home/javier/slam_obstacle_ws/src/mi_mundo', 'symlink_install': True, 'test_result_base': None}
[4.968s] Level 5:colcon.colcon_core.verb:set package 'slam_obstacle_detection' build argument 'cmake_args' from command line to 'None'
[4.968s] Level 5:colcon.colcon_core.verb:set package 'slam_obstacle_detection' build argument 'cmake_target' from command line to 'None'
[4.968s] Level 5:colcon.colcon_core.verb:set package 'slam_obstacle_detection' build argument 'cmake_target_skip_unavailable' from command line to 'False'
[4.968s] Level 5:colcon.colcon_core.verb:set package 'slam_obstacle_detection' build argument 'cmake_clean_cache' from command line to 'False'
[4.968s] Level 5:colcon.colcon_core.verb:set package 'slam_obstacle_detection' build argument 'cmake_clean_first' from command line to 'False'
[4.968s] Level 5:colcon.colcon_core.verb:set package 'slam_obstacle_detection' build argument 'cmake_force_configure' from command line to 'False'
[4.968s] Level 5:colcon.colcon_core.verb:set package 'slam_obstacle_detection' build argument 'ament_cmake_args' from command line to 'None'
[4.968s] Level 5:colcon.colcon_core.verb:set package 'slam_obstacle_detection' build argument 'catkin_cmake_args' from command line to 'None'
[4.968s] Level 5:colcon.colcon_core.verb:set package 'slam_obstacle_detection' build argument 'catkin_skip_building_tests' from command line to 'False'
[4.968s] DEBUG:colcon.colcon_core.verb:Building package 'slam_obstacle_detection' with the following arguments: {'ament_cmake_args': None, 'build_base': '/home/javier/slam_obstacle_ws/build/slam_obstacle_detection', 'catkin_cmake_args': None, 'catkin_skip_building_tests': False, 'cmake_args': None, 'cmake_clean_cache': False, 'cmake_clean_first': False, 'cmake_force_configure': False, 'cmake_target': None, 'cmake_target_skip_unavailable': False, 'install_base': '/home/javier/slam_obstacle_ws/install/slam_obstacle_detection', 'merge_install': False, 'path': '/home/javier/slam_obstacle_ws/src/slam_obstacle_detection', 'symlink_install': True, 'test_result_base': None}
[4.968s] INFO:colcon.colcon_core.executor:Executing jobs using 'parallel' executor
[4.969s] DEBUG:colcon.colcon_parallel_executor.executor.parallel:run_until_complete
[4.969s] INFO:colcon.colcon_ros.task.ament_cmake.build:Building ROS package in '/home/javier/slam_obstacle_ws/src/mi_mundo' with build type 'ament_cmake'
[4.969s] INFO:colcon.colcon_cmake.task.cmake.build:Building CMake package in '/home/javier/slam_obstacle_ws/src/mi_mundo'
[5.026s] INFO:colcon.colcon_core.plugin_system:Skipping extension 'colcon_core.shell.bat': Not used on non-Windows systems
[5.026s] INFO:colcon.colcon_core.shell:Skip shell extension 'powershell' for command environment: Not usable outside of PowerShell
[5.026s] DEBUG:colcon.colcon_core.shell:Skip shell extension 'dsv' for command environment
[5.046s] INFO:colcon.colcon_ros.task.ament_python.build:Building ROS package in '/home/javier/slam_obstacle_ws/src/slam_obstacle_detection' with build type 'ament_python'
[5.046s] Level 1:colcon.colcon_core.shell:create_environment_hook('slam_obstacle_detection', 'ament_prefix_path')
[5.046s] INFO:colcon.colcon_core.shell:Creating environment hook '/home/javier/slam_obstacle_ws/install/slam_obstacle_detection/share/slam_obstacle_detection/hook/ament_prefix_path.ps1'
[5.064s] INFO:colcon.colcon_core.shell:Creating environment descriptor '/home/javier/slam_obstacle_ws/install/slam_obstacle_detection/share/slam_obstacle_detection/hook/ament_prefix_path.dsv'
[5.066s] INFO:colcon.colcon_core.shell:Creating environment hook '/home/javier/slam_obstacle_ws/install/slam_obstacle_detection/share/slam_obstacle_detection/hook/ament_prefix_path.sh'
[5.070s] INFO:colcon.colcon_core.shell:Skip shell extension 'powershell' for command environment: Not usable outside of PowerShell
[5.070s] DEBUG:colcon.colcon_core.shell:Skip shell extension 'dsv' for command environment
[5.101s] DEBUG:colcon.colcon_core.event_handler.log_command:Invoking command in '/home/javier/slam_obstacle_ws/build/mi_mundo': CMAKE_PREFIX_PATH=${CMAKE_PREFIX_PATH}:/home/javier/turtlebot3_ws/install/turtlebot3_teleop:/home/javier/turtlebot3_ws/install/obstacle_detector:/home/javier/turtlebot3_ws/install/turtlebot3_example:/home/javier/slam_obstacle_ws/install/slam_obstacle_detection:/home/javier/t2_ws/install/t2_robot:/opt/ros/humble /usr/bin/cmake --build /home/javier/slam_obstacle_ws/build/mi_mundo -- -j12 -l12
[5.391s] INFO:colcon.colcon_core.task.python.build:Building Python package in '/home/javier/slam_obstacle_ws/src/slam_obstacle_detection'
[5.392s] INFO:colcon.colcon_core.shell:Skip shell extension 'powershell' for command environment: Not usable outside of PowerShell
[5.392s] DEBUG:colcon.colcon_core.shell:Skip shell extension 'dsv' for command environment
[6.005s] DEBUG:colcon.colcon_core.event_handler.log_command:Invoked command in '/home/javier/slam_obstacle_ws/build/mi_mundo' returned '0': CMAKE_PREFIX_PATH=${CMAKE_PREFIX_PATH}:/home/javier/turtlebot3_ws/install/turtlebot3_teleop:/home/javier/turtlebot3_ws/install/obstacle_detector:/home/javier/turtlebot3_ws/install/turtlebot3_example:/home/javier/slam_obstacle_ws/install/slam_obstacle_detection:/home/javier/t2_ws/install/t2_robot:/opt/ros/humble /usr/bin/cmake --build /home/javier/slam_obstacle_ws/build/mi_mundo -- -j12 -l12
[6.042s] DEBUG:colcon.colcon_core.event_handler.log_command:Invoking command in '/home/javier/slam_obstacle_ws/build/mi_mundo': CMAKE_PREFIX_PATH=${CMAKE_PREFIX_PATH}:/home/javier/turtlebot3_ws/install/turtlebot3_teleop:/home/javier/turtlebot3_ws/install/obstacle_detector:/home/javier/turtlebot3_ws/install/turtlebot3_example:/home/javier/slam_obstacle_ws/install/slam_obstacle_detection:/home/javier/t2_ws/install/t2_robot:/opt/ros/humble /usr/bin/cmake --install /home/javier/slam_obstacle_ws/build/mi_mundo
[6.149s] Level 1:colcon.colcon_core.environment:create_environment_scripts_only(mi_mundo)
[6.149s] DEBUG:colcon.colcon_core.event_handler.log_command:Invoked command in '/home/javier/slam_obstacle_ws/build/mi_mundo' returned '0': CMAKE_PREFIX_PATH=${CMAKE_PREFIX_PATH}:/home/javier/turtlebot3_ws/install/turtlebot3_teleop:/home/javier/turtlebot3_ws/install/obstacle_detector:/home/javier/turtlebot3_ws/install/turtlebot3_example:/home/javier/slam_obstacle_ws/install/slam_obstacle_detection:/home/javier/t2_ws/install/t2_robot:/opt/ros/humble /usr/bin/cmake --install /home/javier/slam_obstacle_ws/build/mi_mundo
[6.258s] Level 1:colcon.colcon_core.environment:checking '/home/javier/slam_obstacle_ws/install/mi_mundo' for CMake module files
[6.260s] Level 1:colcon.colcon_core.environment:checking '/home/javier/slam_obstacle_ws/install/mi_mundo' for CMake config files
[6.261s] Level 1:colcon.colcon_core.shell:create_environment_hook('mi_mundo', 'cmake_prefix_path')
[6.262s] INFO:colcon.colcon_core.shell:Creating environment hook '/home/javier/slam_obstacle_ws/install/mi_mundo/share/mi_mundo/hook/cmake_prefix_path.ps1'
[6.264s] INFO:colcon.colcon_core.shell:Creating environment descriptor '/home/javier/slam_obstacle_ws/install/mi_mundo/share/mi_mundo/hook/cmake_prefix_path.dsv'
[6.266s] INFO:colcon.colcon_core.shell:Creating environment hook '/home/javier/slam_obstacle_ws/install/mi_mundo/share/mi_mundo/hook/cmake_prefix_path.sh'
[6.268s] Level 1:colcon.colcon_core.environment:checking '/home/javier/slam_obstacle_ws/install/mi_mundo/bin'
[6.268s] Level 1:colcon.colcon_core.environment:checking '/home/javier/slam_obstacle_ws/install/mi_mundo/lib/pkgconfig/mi_mundo.pc'
[6.269s] Level 1:colcon.colcon_core.environment:checking '/home/javier/slam_obstacle_ws/install/mi_mundo/lib/python3.10/site-packages'
[6.270s] Level 1:colcon.colcon_core.environment:checking '/home/javier/slam_obstacle_ws/install/mi_mundo/bin'
[6.271s] INFO:colcon.colcon_core.shell:Creating package script '/home/javier/slam_obstacle_ws/install/mi_mundo/share/mi_mundo/package.ps1'
[6.282s] INFO:colcon.colcon_core.shell:Creating package descriptor '/home/javier/slam_obstacle_ws/install/mi_mundo/share/mi_mundo/package.dsv'
[6.296s] INFO:colcon.colcon_core.shell:Creating package script '/home/javier/slam_obstacle_ws/install/mi_mundo/share/mi_mundo/package.sh'
[6.299s] INFO:colcon.colcon_core.shell:Creating package script '/home/javier/slam_obstacle_ws/install/mi_mundo/share/mi_mundo/package.bash'
[6.319s] INFO:colcon.colcon_core.shell:Creating package script '/home/javier/slam_obstacle_ws/install/mi_mundo/share/mi_mundo/package.zsh'
[6.335s] Level 1:colcon.colcon_core.environment:create_file_with_runtime_dependencies(/home/javier/slam_obstacle_ws/install/mi_mundo/share/colcon-core/packages/mi_mundo)
[6.337s] Level 1:colcon.colcon_core.environment:create_environment_scripts_only(mi_mundo)
[6.338s] Level 1:colcon.colcon_core.environment:checking '/home/javier/slam_obstacle_ws/install/mi_mundo' for CMake module files
[6.340s] Level 1:colcon.colcon_core.environment:checking '/home/javier/slam_obstacle_ws/install/mi_mundo' for CMake config files
[6.341s] Level 1:colcon.colcon_core.shell:create_environment_hook('mi_mundo', 'cmake_prefix_path')
[6.342s] INFO:colcon.colcon_core.shell:Creating environment hook '/home/javier/slam_obstacle_ws/install/mi_mundo/share/mi_mundo/hook/cmake_prefix_path.ps1'
[6.343s] INFO:colcon.colcon_core.shell:Creating environment descriptor '/home/javier/slam_obstacle_ws/install/mi_mundo/share/mi_mundo/hook/cmake_prefix_path.dsv'
[6.345s] INFO:colcon.colcon_core.shell:Creating environment hook '/home/javier/slam_obstacle_ws/install/mi_mundo/share/mi_mundo/hook/cmake_prefix_path.sh'
[6.347s] Level 1:colcon.colcon_core.environment:checking '/home/javier/slam_obstacle_ws/install/mi_mundo/bin'
[6.347s] Level 1:colcon.colcon_core.environment:checking '/home/javier/slam_obstacle_ws/install/mi_mundo/lib/pkgconfig/mi_mundo.pc'
[6.348s] Level 1:colcon.colcon_core.environment:checking '/home/javier/slam_obstacle_ws/install/mi_mundo/lib/python3.10/site-packages'
[6.349s] Level 1:colcon.colcon_core.environment:checking '/home/javier/slam_obstacle_ws/install/mi_mundo/bin'
[6.350s] INFO:colcon.colcon_core.shell:Creating package script '/home/javier/slam_obstacle_ws/install/mi_mundo/share/mi_mundo/package.ps1'
[6.352s] INFO:colcon.colcon_core.shell:Creating package descriptor '/home/javier/slam_obstacle_ws/install/mi_mundo/share/mi_mundo/package.dsv'
[6.354s] INFO:colcon.colcon_core.shell:Creating package script '/home/javier/slam_obstacle_ws/install/mi_mundo/share/mi_mundo/package.sh'
[6.356s] INFO:colcon.colcon_core.shell:Creating package script '/home/javier/slam_obstacle_ws/install/mi_mundo/share/mi_mundo/package.bash'
[6.358s] INFO:colcon.colcon_core.shell:Creating package script '/home/javier/slam_obstacle_ws/install/mi_mundo/share/mi_mundo/package.zsh'
[6.359s] Level 1:colcon.colcon_core.environment:create_file_with_runtime_dependencies(/home/javier/slam_obstacle_ws/install/mi_mundo/share/colcon-core/packages/mi_mundo)
[7.290s] DEBUG:colcon.colcon_core.event_handler.log_command:Invoking command in '/home/javier/slam_obstacle_ws/build/slam_obstacle_detection': PYTHONPATH=/home/javier/slam_obstacle_ws/build/slam_obstacle_detection/prefix_override:/usr/lib/python3/dist-packages/colcon_core/task/python/colcon_distutils_commands:/home/javier/slam_obstacle_ws/install/slam_obstacle_detection/lib/python3.10/site-packages:${PYTHONPATH} /usr/bin/python3 -W ignore:setup.py install is deprecated -W ignore:easy_install command is deprecated setup.py develop --editable --build-directory /home/javier/slam_obstacle_ws/build/slam_obstacle_detection/build --no-deps symlink_data
[7.783s] Level 1:colcon.colcon_core.shell:create_environment_hook('slam_obstacle_detection', 'pythonpath_develop')
[7.783s] INFO:colcon.colcon_core.shell:Creating environment hook '/home/javier/slam_obstacle_ws/build/slam_obstacle_detection/share/slam_obstacle_detection/hook/pythonpath_develop.ps1'
[7.783s] DEBUG:colcon.colcon_core.event_handler.log_command:Invoked command in '/home/javier/slam_obstacle_ws/build/slam_obstacle_detection' returned '0': PYTHONPATH=/home/javier/slam_obstacle_ws/build/slam_obstacle_detection/prefix_override:/usr/lib/python3/dist-packages/colcon_core/task/python/colcon_distutils_commands:/home/javier/slam_obstacle_ws/install/slam_obstacle_detection/lib/python3.10/site-packages:${PYTHONPATH} /usr/bin/python3 -W ignore:setup.py install is deprecated -W ignore:easy_install command is deprecated setup.py develop --editable --build-directory /home/javier/slam_obstacle_ws/build/slam_obstacle_detection/build --no-deps symlink_data
[7.784s] INFO:colcon.colcon_core.shell:Creating environment descriptor '/home/javier/slam_obstacle_ws/build/slam_obstacle_detection/share/slam_obstacle_detection/hook/pythonpath_develop.dsv'
[7.784s] INFO:colcon.colcon_core.shell:Creating environment hook '/home/javier/slam_obstacle_ws/build/slam_obstacle_detection/share/slam_obstacle_detection/hook/pythonpath_develop.sh'
[7.784s] Level 1:colcon.colcon_core.environment:checking '/home/javier/slam_obstacle_ws/install/slam_obstacle_detection' for CMake module files
[7.785s] Level 1:colcon.colcon_core.environment:checking '/home/javier/slam_obstacle_ws/install/slam_obstacle_detection' for CMake config files
[7.785s] Level 1:colcon.colcon_core.environment:checking '/home/javier/slam_obstacle_ws/install/slam_obstacle_detection/lib'
[7.785s] Level 1:colcon.colcon_core.environment:checking '/home/javier/slam_obstacle_ws/install/slam_obstacle_detection/bin'
[7.785s] Level 1:colcon.colcon_core.environment:checking '/home/javier/slam_obstacle_ws/install/slam_obstacle_detection/lib/pkgconfig/slam_obstacle_detection.pc'
[7.786s] Level 1:colcon.colcon_core.environment:checking '/home/javier/slam_obstacle_ws/install/slam_obstacle_detection/lib/python3.10/site-packages'
[7.786s] Level 1:colcon.colcon_core.shell:create_environment_hook('slam_obstacle_detection', 'pythonpath')
[7.786s] INFO:colcon.colcon_core.shell:Creating environment hook '/home/javier/slam_obstacle_ws/install/slam_obstacle_detection/share/slam_obstacle_detection/hook/pythonpath.ps1'
[7.786s] INFO:colcon.colcon_core.shell:Creating environment descriptor '/home/javier/slam_obstacle_ws/install/slam_obstacle_detection/share/slam_obstacle_detection/hook/pythonpath.dsv'
[7.786s] INFO:colcon.colcon_core.shell:Creating environment hook '/home/javier/slam_obstacle_ws/install/slam_obstacle_detection/share/slam_obstacle_detection/hook/pythonpath.sh'
[7.787s] Level 1:colcon.colcon_core.environment:checking '/home/javier/slam_obstacle_ws/install/slam_obstacle_detection/bin'
[7.787s] Level 1:colcon.colcon_core.environment:create_environment_scripts_only(slam_obstacle_detection)
[7.787s] INFO:colcon.colcon_core.shell:Creating package script '/home/javier/slam_obstacle_ws/install/slam_obstacle_detection/share/slam_obstacle_detection/package.ps1'
[7.787s] INFO:colcon.colcon_core.shell:Creating package descriptor '/home/javier/slam_obstacle_ws/install/slam_obstacle_detection/share/slam_obstacle_detection/package.dsv'
[7.788s] INFO:colcon.colcon_core.shell:Creating package script '/home/javier/slam_obstacle_ws/install/slam_obstacle_detection/share/slam_obstacle_detection/package.sh'
[7.788s] INFO:colcon.colcon_core.shell:Creating package script '/home/javier/slam_obstacle_ws/install/slam_obstacle_detection/share/slam_obstacle_detection/package.bash'
[7.788s] INFO:colcon.colcon_core.shell:Creating package script '/home/javier/slam_obstacle_ws/install/slam_obstacle_detection/share/slam_obstacle_detection/package.zsh'
[7.789s] Level 1:colcon.colcon_core.environment:create_file_with_runtime_dependencies(/home/javier/slam_obstacle_ws/install/slam_obstacle_detection/share/colcon-core/packages/slam_obstacle_detection)
[7.789s] DEBUG:colcon.colcon_parallel_executor.executor.parallel:closing loop
[7.789s] DEBUG:colcon.colcon_parallel_executor.executor.parallel:loop closed
[7.789s] DEBUG:colcon.colcon_parallel_executor.executor.parallel:run_until_complete finished with '0'
[7.789s] DEBUG:colcon.colcon_core.event_reactor:joining thread
[7.820s] INFO:colcon.colcon_core.plugin_system:Skipping extension 'colcon_notification.desktop_notification.terminal_notifier': Not used on non-Darwin systems
[7.820s] INFO:colcon.colcon_core.plugin_system:Skipping extension 'colcon_notification.desktop_notification.win32': Not used on non-Windows systems
[7.820s] INFO:colcon.colcon_notification.desktop_notification:Sending desktop notification using 'notify2'
[7.831s] DEBUG:colcon.colcon_core.event_reactor:joined thread
[7.831s] INFO:colcon.colcon_core.shell:Creating prefix script '/home/javier/slam_obstacle_ws/install/local_setup.ps1'
[7.838s] INFO:colcon.colcon_core.shell:Creating prefix util module '/home/javier/slam_obstacle_ws/install/_local_setup_util_ps1.py'
[7.846s] INFO:colcon.colcon_core.shell:Creating prefix chain script '/home/javier/slam_obstacle_ws/install/setup.ps1'
[7.848s] INFO:colcon.colcon_core.shell:Creating prefix script '/home/javier/slam_obstacle_ws/install/local_setup.sh'
[7.879s] INFO:colcon.colcon_core.shell:Creating prefix util module '/home/javier/slam_obstacle_ws/install/_local_setup_util_sh.py'
[7.881s] INFO:colcon.colcon_core.shell:Creating prefix chain script '/home/javier/slam_obstacle_ws/install/setup.sh'
[7.884s] INFO:colcon.colcon_core.shell:Creating prefix script '/home/javier/slam_obstacle_ws/install/local_setup.bash'
[7.893s] INFO:colcon.colcon_core.shell:Creating prefix chain script '/home/javier/slam_obstacle_ws/install/setup.bash'
[7.894s] INFO:colcon.colcon_core.shell:Creating prefix script '/home/javier/slam_obstacle_ws/install/local_setup.zsh'
[7.908s] INFO:colcon.colcon_core.shell:Creating prefix chain script '/home/javier/slam_obstacle_ws/install/setup.zsh'
