-- The C compiler identification is GNU 11.4.0
-- The CXX compiler identification is GNU 11.4.0
-- Detecting C compiler ABI info
-- Detecting C compiler ABI info - done
-- Check for working C compiler: /usr/bin/cc - skipped
-- Detecting C compile features
-- Detecting C compile features - done
-- Detecting CXX compiler ABI info
-- Detecting CXX compiler ABI info - done
-- Check for working CXX compiler: /usr/bin/c++ - skipped
-- Detecting CXX compile features
-- Detecting CXX compile features - done
-- Found ament_cmake: 1.3.11 (/opt/ros/humble/share/ament_cmake/cmake)
-- Found Python3: /usr/bin/python3 (found version "3.10.12") found components: Interpreter 
-- Override CMake install command with custom implementation using symlinks instead of copying resources
-- Found ament_lint_auto: 0.12.11 (/opt/ros/humble/share/ament_lint_auto/cmake)
-- Added test 'lint_cmake' to check CMake code style
-- Added test 'xmllint' to check XML markup files
-- Configuring done
-- Generating done
-- Build files have been written to: /home/javier/slam_obstacle_ws/build/mi_mundo
-- Install configuration: ""
-- Execute custom install script
-- Symlinking: /home/javier/slam_obstacle_ws/install/mi_mundo/share/mi_mundo/worlds/nuevo_mapa.world
-- Symlinking: /home/javier/slam_obstacle_ws/install/mi_mundo/share/ament_index/resource_index/package_run_dependencies/mi_mundo
-- Symlinking: /home/javier/slam_obstacle_ws/install/mi_mundo/share/ament_index/resource_index/parent_prefix_path/mi_mundo
-- Symlinking: /home/javier/slam_obstacle_ws/install/mi_mundo/share/mi_mundo/environment/ament_prefix_path.sh
-- Symlinking: /home/javier/slam_obstacle_ws/install/mi_mundo/share/mi_mundo/environment/ament_prefix_path.dsv
-- Symlinking: /home/javier/slam_obstacle_ws/install/mi_mundo/share/mi_mundo/environment/path.sh
-- Symlinking: /home/javier/slam_obstacle_ws/install/mi_mundo/share/mi_mundo/environment/path.dsv
-- Symlinking: /home/javier/slam_obstacle_ws/install/mi_mundo/share/mi_mundo/local_setup.bash
-- Symlinking: /home/javier/slam_obstacle_ws/install/mi_mundo/share/mi_mundo/local_setup.sh
-- Symlinking: /home/javier/slam_obstacle_ws/install/mi_mundo/share/mi_mundo/local_setup.zsh
-- Symlinking: /home/javier/slam_obstacle_ws/install/mi_mundo/share/mi_mundo/local_setup.dsv
-- Symlinking: /home/javier/slam_obstacle_ws/install/mi_mundo/share/mi_mundo/package.dsv
-- Symlinking: /home/javier/slam_obstacle_ws/install/mi_mundo/share/ament_index/resource_index/packages/mi_mundo
-- Symlinking: /home/javier/slam_obstacle_ws/install/mi_mundo/share/mi_mundo/cmake/mi_mundoConfig.cmake
-- Symlinking: /home/javier/slam_obstacle_ws/install/mi_mundo/share/mi_mundo/cmake/mi_mundoConfig-version.cmake
-- Symlinking: /home/javier/slam_obstacle_ws/install/mi_mundo/share/mi_mundo/package.xml
