[0.015s] Invoking command in '/home/javier/slam_obstacle_ws/build/mi_mundo': CMAKE_PREFIX_PATH=${CMAKE_PREFIX_PATH}:/home/javier/turtlebot3_ws/install/turtlebot3_teleop:/home/javier/turtlebot3_ws/install/obstacle_detector:/home/javier/turtlebot3_ws/install/turtlebot3_example:/home/javier/slam_obstacle_ws/install/slam_obstacle_detection:/home/javier/t2_ws/install/t2_robot:/opt/ros/humble /usr/bin/cmake /home/javier/slam_obstacle_ws/src/mi_mundo -DAMENT_CMAKE_SYMLINK_INSTALL=1 -DCMAKE_INSTALL_PREFIX=/home/javier/slam_obstacle_ws/install/mi_mundo
[0.296s] -- Found ament_cmake: 1.3.11 (/opt/ros/humble/share/ament_cmake/cmake)
[0.922s] -- Override CMake install command with custom implementation using symlinks instead of copying resources
[1.412s] -- Found ament_lint_auto: 0.12.11 (/opt/ros/humble/share/ament_lint_auto/cmake)
[1.890s] -- Added test 'lint_cmake' to check CMake code style
[1.905s] -- Added test 'xmllint' to check XML markup files
[1.913s] -- Configuring done
[2.111s] -- Generating done
[2.118s] -- Build files have been written to: /home/javier/slam_obstacle_ws/build/mi_mundo
[2.128s] Invoked command in '/home/javier/slam_obstacle_ws/build/mi_mundo' returned '0': CMAKE_PREFIX_PATH=${CMAKE_PREFIX_PATH}:/home/javier/turtlebot3_ws/install/turtlebot3_teleop:/home/javier/turtlebot3_ws/install/obstacle_detector:/home/javier/turtlebot3_ws/install/turtlebot3_example:/home/javier/slam_obstacle_ws/install/slam_obstacle_detection:/home/javier/t2_ws/install/t2_robot:/opt/ros/humble /usr/bin/cmake /home/javier/slam_obstacle_ws/src/mi_mundo -DAMENT_CMAKE_SYMLINK_INSTALL=1 -DCMAKE_INSTALL_PREFIX=/home/javier/slam_obstacle_ws/install/mi_mundo
[2.136s] Invoking command in '/home/javier/slam_obstacle_ws/build/mi_mundo': CMAKE_PREFIX_PATH=${CMAKE_PREFIX_PATH}:/home/javier/turtlebot3_ws/install/turtlebot3_teleop:/home/javier/turtlebot3_ws/install/obstacle_detector:/home/javier/turtlebot3_ws/install/turtlebot3_example:/home/javier/slam_obstacle_ws/install/slam_obstacle_detection:/home/javier/t2_ws/install/t2_robot:/opt/ros/humble /usr/bin/cmake --build /home/javier/slam_obstacle_ws/build/mi_mundo -- -j12 -l12
[2.168s] Invoked command in '/home/javier/slam_obstacle_ws/build/mi_mundo' returned '0': CMAKE_PREFIX_PATH=${CMAKE_PREFIX_PATH}:/home/javier/turtlebot3_ws/install/turtlebot3_teleop:/home/javier/turtlebot3_ws/install/obstacle_detector:/home/javier/turtlebot3_ws/install/turtlebot3_example:/home/javier/slam_obstacle_ws/install/slam_obstacle_detection:/home/javier/t2_ws/install/t2_robot:/opt/ros/humble /usr/bin/cmake --build /home/javier/slam_obstacle_ws/build/mi_mundo -- -j12 -l12
[2.176s] Invoking command in '/home/javier/slam_obstacle_ws/build/mi_mundo': CMAKE_PREFIX_PATH=${CMAKE_PREFIX_PATH}:/home/javier/turtlebot3_ws/install/turtlebot3_teleop:/home/javier/turtlebot3_ws/install/obstacle_detector:/home/javier/turtlebot3_ws/install/turtlebot3_example:/home/javier/slam_obstacle_ws/install/slam_obstacle_detection:/home/javier/t2_ws/install/t2_robot:/opt/ros/humble /usr/bin/cmake --install /home/javier/slam_obstacle_ws/build/mi_mundo
[2.181s] -- Install configuration: ""
[2.182s] -- Execute custom install script
[2.182s] -- Up-to-date symlink: /home/javier/slam_obstacle_ws/install/mi_mundo/share/mi_mundo/worlds/nuevo_mapa.world
[2.182s] -- Up-to-date symlink: /home/javier/slam_obstacle_ws/install/mi_mundo/share/ament_index/resource_index/package_run_dependencies/mi_mundo
[2.182s] -- Up-to-date symlink: /home/javier/slam_obstacle_ws/install/mi_mundo/share/ament_index/resource_index/parent_prefix_path/mi_mundo
[2.182s] -- Up-to-date symlink: /home/javier/slam_obstacle_ws/install/mi_mundo/share/mi_mundo/environment/ament_prefix_path.sh
[2.182s] -- Up-to-date symlink: /home/javier/slam_obstacle_ws/install/mi_mundo/share/mi_mundo/environment/ament_prefix_path.dsv
[2.182s] -- Up-to-date symlink: /home/javier/slam_obstacle_ws/install/mi_mundo/share/mi_mundo/environment/path.sh
[2.183s] -- Up-to-date symlink: /home/javier/slam_obstacle_ws/install/mi_mundo/share/mi_mundo/environment/path.dsv
[2.183s] -- Up-to-date symlink: /home/javier/slam_obstacle_ws/install/mi_mundo/share/mi_mundo/local_setup.bash
[2.183s] -- Up-to-date symlink: /home/javier/slam_obstacle_ws/install/mi_mundo/share/mi_mundo/local_setup.sh
[2.183s] -- Up-to-date symlink: /home/javier/slam_obstacle_ws/install/mi_mundo/share/mi_mundo/local_setup.zsh
[2.183s] -- Up-to-date symlink: /home/javier/slam_obstacle_ws/install/mi_mundo/share/mi_mundo/local_setup.dsv
[2.183s] -- Symlinking: /home/javier/slam_obstacle_ws/install/mi_mundo/share/mi_mundo/package.dsv
[2.190s] -- Up-to-date symlink: /home/javier/slam_obstacle_ws/install/mi_mundo/share/ament_index/resource_index/packages/mi_mundo
[2.190s] -- Up-to-date symlink: /home/javier/slam_obstacle_ws/install/mi_mundo/share/mi_mundo/cmake/mi_mundoConfig.cmake
[2.190s] -- Up-to-date symlink: /home/javier/slam_obstacle_ws/install/mi_mundo/share/mi_mundo/cmake/mi_mundoConfig-version.cmake
[2.190s] -- Up-to-date symlink: /home/javier/slam_obstacle_ws/install/mi_mundo/share/mi_mundo/package.xml
[2.192s] Invoked command in '/home/javier/slam_obstacle_ws/build/mi_mundo' returned '0': CMAKE_PREFIX_PATH=${CMAKE_PREFIX_PATH}:/home/javier/turtlebot3_ws/install/turtlebot3_teleop:/home/javier/turtlebot3_ws/install/obstacle_detector:/home/javier/turtlebot3_ws/install/turtlebot3_example:/home/javier/slam_obstacle_ws/install/slam_obstacle_detection:/home/javier/t2_ws/install/t2_robot:/opt/ros/humble /usr/bin/cmake --install /home/javier/slam_obstacle_ws/build/mi_mundo
