[0.093s] DEBUG:colcon:Command line arguments: ['/usr/bin/colcon', 'build', '--symlink-install']
[0.093s] DEBUG:colcon:Parsed command line arguments: Namespace(log_base=None, log_level=None, verb_name='build', build_base='build', install_base='install', merge_install=False, symlink_install=True, test_result_base=None, continue_on_error=False, executor='parallel', parallel_workers=12, event_handlers=None, ignore_user_meta=False, metas=['./colcon.meta'], base_paths=['.'], packages_ignore=None, packages_ignore_regex=None, paths=None, packages_up_to=None, packages_up_to_regex=None, packages_above=None, packages_above_and_dependencies=None, packages_above_depth=None, packages_select_by_dep=None, packages_skip_by_dep=None, packages_skip_up_to=None, packages_select_build_failed=False, packages_skip_build_finished=False, packages_select_test_failures=False, packages_skip_test_passed=False, packages_select=None, packages_skip=None, packages_select_regex=None, packages_skip_regex=None, packages_start=None, packages_end=None, allow_overriding=[], cmake_args=None, cmake_target=None, cmake_target_skip_unavailable=False, cmake_clean_cache=False, cmake_clean_first=False, cmake_force_configure=False, ament_cmake_args=None, catkin_cmake_args=None, catkin_skip_building_tests=False, mixin_files=None, mixin=None, verb_parser=<colcon_mixin.mixin.mixin_argument.MixinArgumentDecorator object at 0x75a61e948490>, verb_extension=<colcon_core.verb.build.BuildVerb object at 0x75a61eaa13f0>, main=<bound method BuildVerb.main of <colcon_core.verb.build.BuildVerb object at 0x75a61eaa13f0>>, mixin_verb=('build',))
[0.262s] Level 1:colcon.colcon_core.package_discovery:discover_packages(colcon_meta) check parameters
[0.262s] Level 1:colcon.colcon_core.package_discovery:discover_packages(recursive) check parameters
[0.262s] Level 1:colcon.colcon_core.package_discovery:discover_packages(ignore) check parameters
[0.262s] Level 1:colcon.colcon_core.package_discovery:discover_packages(path) check parameters
[0.262s] Level 1:colcon.colcon_core.package_discovery:discover_packages(colcon_meta) discover
[0.262s] Level 1:colcon.colcon_core.package_discovery:discover_packages(recursive) discover
[0.262s] INFO:colcon.colcon_core.package_discovery:Crawling recursively for packages in '/home/javier/slam_obstacle_ws'
[0.262s] Level 1:colcon.colcon_core.package_identification:_identify(.) by extensions ['ignore', 'ignore_ament_install']
[0.263s] Level 1:colcon.colcon_core.package_identification:_identify(.) by extension 'ignore'
[0.263s] Level 1:colcon.colcon_core.package_identification:_identify(.) by extension 'ignore_ament_install'
[0.263s] Level 1:colcon.colcon_core.package_identification:_identify(.) by extensions ['colcon_pkg']
[0.263s] Level 1:colcon.colcon_core.package_identification:_identify(.) by extension 'colcon_pkg'
[0.263s] Level 1:colcon.colcon_core.package_identification:_identify(.) by extensions ['colcon_meta']
[0.263s] Level 1:colcon.colcon_core.package_identification:_identify(.) by extension 'colcon_meta'
[0.263s] Level 1:colcon.colcon_core.package_identification:_identify(.) by extensions ['ros']
[0.263s] Level 1:colcon.colcon_core.package_identification:_identify(.) by extension 'ros'
[0.277s] Level 1:colcon.colcon_core.package_identification:_identify(.) by extensions ['cmake', 'python']
[0.277s] Level 1:colcon.colcon_core.package_identification:_identify(.) by extension 'cmake'
[0.277s] Level 1:colcon.colcon_core.package_identification:_identify(.) by extension 'python'
[0.277s] Level 1:colcon.colcon_core.package_identification:_identify(.) by extensions ['python_setup_py']
[0.277s] Level 1:colcon.colcon_core.package_identification:_identify(.) by extension 'python_setup_py'
[0.277s] Level 1:colcon.colcon_core.package_identification:_identify(build) by extensions ['ignore', 'ignore_ament_install']
[0.277s] Level 1:colcon.colcon_core.package_identification:_identify(build) by extension 'ignore'
[0.278s] Level 1:colcon.colcon_core.package_identification:_identify(build) ignored
[0.278s] Level 1:colcon.colcon_core.package_identification:_identify(install) by extensions ['ignore', 'ignore_ament_install']
[0.278s] Level 1:colcon.colcon_core.package_identification:_identify(install) by extension 'ignore'
[0.278s] Level 1:colcon.colcon_core.package_identification:_identify(install) ignored
[0.278s] Level 1:colcon.colcon_core.package_identification:_identify(log) by extensions ['ignore', 'ignore_ament_install']
[0.278s] Level 1:colcon.colcon_core.package_identification:_identify(log) by extension 'ignore'
[0.278s] Level 1:colcon.colcon_core.package_identification:_identify(log) ignored
[0.278s] Level 1:colcon.colcon_core.package_identification:_identify(src) by extensions ['ignore', 'ignore_ament_install']
[0.278s] Level 1:colcon.colcon_core.package_identification:_identify(src) by extension 'ignore'
[0.278s] Level 1:colcon.colcon_core.package_identification:_identify(src) by extension 'ignore_ament_install'
[0.278s] Level 1:colcon.colcon_core.package_identification:_identify(src) by extensions ['colcon_pkg']
[0.278s] Level 1:colcon.colcon_core.package_identification:_identify(src) by extension 'colcon_pkg'
[0.278s] Level 1:colcon.colcon_core.package_identification:_identify(src) by extensions ['colcon_meta']
[0.278s] Level 1:colcon.colcon_core.package_identification:_identify(src) by extension 'colcon_meta'
[0.278s] Level 1:colcon.colcon_core.package_identification:_identify(src) by extensions ['ros']
[0.278s] Level 1:colcon.colcon_core.package_identification:_identify(src) by extension 'ros'
[0.278s] Level 1:colcon.colcon_core.package_identification:_identify(src) by extensions ['cmake', 'python']
[0.278s] Level 1:colcon.colcon_core.package_identification:_identify(src) by extension 'cmake'
[0.278s] Level 1:colcon.colcon_core.package_identification:_identify(src) by extension 'python'
[0.278s] Level 1:colcon.colcon_core.package_identification:_identify(src) by extensions ['python_setup_py']
[0.278s] Level 1:colcon.colcon_core.package_identification:_identify(src) by extension 'python_setup_py'
[0.279s] Level 1:colcon.colcon_core.package_identification:_identify(src/mi_mundo) by extensions ['ignore', 'ignore_ament_install']
[0.279s] Level 1:colcon.colcon_core.package_identification:_identify(src/mi_mundo) by extension 'ignore'
[0.279s] Level 1:colcon.colcon_core.package_identification:_identify(src/mi_mundo) by extension 'ignore_ament_install'
[0.279s] Level 1:colcon.colcon_core.package_identification:_identify(src/mi_mundo) by extensions ['colcon_pkg']
[0.279s] Level 1:colcon.colcon_core.package_identification:_identify(src/mi_mundo) by extension 'colcon_pkg'
[0.279s] Level 1:colcon.colcon_core.package_identification:_identify(src/mi_mundo) by extensions ['colcon_meta']
[0.279s] Level 1:colcon.colcon_core.package_identification:_identify(src/mi_mundo) by extension 'colcon_meta'
[0.279s] Level 1:colcon.colcon_core.package_identification:_identify(src/mi_mundo) by extensions ['ros']
[0.279s] Level 1:colcon.colcon_core.package_identification:_identify(src/mi_mundo) by extension 'ros'
[0.281s] DEBUG:colcon.colcon_core.package_identification:Package 'src/mi_mundo' with type 'ros.ament_cmake' and name 'mi_mundo'
[0.281s] Level 1:colcon.colcon_core.package_identification:_identify(src/slam_obstacle_detection) by extensions ['ignore', 'ignore_ament_install']
[0.281s] Level 1:colcon.colcon_core.package_identification:_identify(src/slam_obstacle_detection) by extension 'ignore'
[0.281s] Level 1:colcon.colcon_core.package_identification:_identify(src/slam_obstacle_detection) by extension 'ignore_ament_install'
[0.281s] Level 1:colcon.colcon_core.package_identification:_identify(src/slam_obstacle_detection) by extensions ['colcon_pkg']
[0.281s] Level 1:colcon.colcon_core.package_identification:_identify(src/slam_obstacle_detection) by extension 'colcon_pkg'
[0.281s] Level 1:colcon.colcon_core.package_identification:_identify(src/slam_obstacle_detection) by extensions ['colcon_meta']
[0.281s] Level 1:colcon.colcon_core.package_identification:_identify(src/slam_obstacle_detection) by extension 'colcon_meta'
[0.281s] Level 1:colcon.colcon_core.package_identification:_identify(src/slam_obstacle_detection) by extensions ['ros']
[0.281s] Level 1:colcon.colcon_core.package_identification:_identify(src/slam_obstacle_detection) by extension 'ros'
[0.282s] DEBUG:colcon.colcon_core.package_identification:Package 'src/slam_obstacle_detection' with type 'ros.ament_python' and name 'slam_obstacle_detection'
[0.282s] Level 1:colcon.colcon_core.package_discovery:discover_packages(recursive) using defaults
[0.282s] Level 1:colcon.colcon_core.package_discovery:discover_packages(ignore) discover
[0.282s] Level 1:colcon.colcon_core.package_discovery:discover_packages(ignore) using defaults
[0.282s] Level 1:colcon.colcon_core.package_discovery:discover_packages(path) discover
[0.282s] Level 1:colcon.colcon_core.package_discovery:discover_packages(path) using defaults
[0.298s] Level 1:colcon.colcon_core.package_discovery:discover_packages(prefix_path) check parameters
[0.298s] Level 1:colcon.colcon_core.package_discovery:discover_packages(prefix_path) discover
[0.299s] DEBUG:colcon.colcon_installed_package_information.package_discovery:Found 2 installed packages in /home/javier/slam_obstacle_ws/install
[0.300s] DEBUG:colcon.colcon_installed_package_information.package_discovery:Found 12 installed packages in /home/javier/turtlebot3_ws/install
[0.300s] DEBUG:colcon.colcon_installed_package_information.package_discovery:Found 1 installed packages in /home/javier/t2_ws/install
[0.302s] DEBUG:colcon.colcon_installed_package_information.package_discovery:Found 463 installed packages in /opt/ros/humble
[0.304s] Level 1:colcon.colcon_core.package_discovery:discover_packages(prefix_path) using defaults
[0.350s] Level 5:colcon.colcon_core.verb:set package 'mi_mundo' build argument 'cmake_args' from command line to 'None'
[0.350s] Level 5:colcon.colcon_core.verb:set package 'mi_mundo' build argument 'cmake_target' from command line to 'None'
[0.350s] Level 5:colcon.colcon_core.verb:set package 'mi_mundo' build argument 'cmake_target_skip_unavailable' from command line to 'False'
[0.350s] Level 5:colcon.colcon_core.verb:set package 'mi_mundo' build argument 'cmake_clean_cache' from command line to 'False'
[0.350s] Level 5:colcon.colcon_core.verb:set package 'mi_mundo' build argument 'cmake_clean_first' from command line to 'False'
[0.350s] Level 5:colcon.colcon_core.verb:set package 'mi_mundo' build argument 'cmake_force_configure' from command line to 'False'
[0.350s] Level 5:colcon.colcon_core.verb:set package 'mi_mundo' build argument 'ament_cmake_args' from command line to 'None'
[0.350s] Level 5:colcon.colcon_core.verb:set package 'mi_mundo' build argument 'catkin_cmake_args' from command line to 'None'
[0.350s] Level 5:colcon.colcon_core.verb:set package 'mi_mundo' build argument 'catkin_skip_building_tests' from command line to 'False'
[0.350s] DEBUG:colcon.colcon_core.verb:Building package 'mi_mundo' with the following arguments: {'ament_cmake_args': None, 'build_base': '/home/javier/slam_obstacle_ws/build/mi_mundo', 'catkin_cmake_args': None, 'catkin_skip_building_tests': False, 'cmake_args': None, 'cmake_clean_cache': False, 'cmake_clean_first': False, 'cmake_force_configure': False, 'cmake_target': None, 'cmake_target_skip_unavailable': False, 'install_base': '/home/javier/slam_obstacle_ws/install/mi_mundo', 'merge_install': False, 'path': '/home/javier/slam_obstacle_ws/src/mi_mundo', 'symlink_install': True, 'test_result_base': None}
[0.350s] Level 5:colcon.colcon_core.verb:set package 'slam_obstacle_detection' build argument 'cmake_args' from command line to 'None'
[0.350s] Level 5:colcon.colcon_core.verb:set package 'slam_obstacle_detection' build argument 'cmake_target' from command line to 'None'
[0.350s] Level 5:colcon.colcon_core.verb:set package 'slam_obstacle_detection' build argument 'cmake_target_skip_unavailable' from command line to 'False'
[0.350s] Level 5:colcon.colcon_core.verb:set package 'slam_obstacle_detection' build argument 'cmake_clean_cache' from command line to 'False'
[0.350s] Level 5:colcon.colcon_core.verb:set package 'slam_obstacle_detection' build argument 'cmake_clean_first' from command line to 'False'
[0.350s] Level 5:colcon.colcon_core.verb:set package 'slam_obstacle_detection' build argument 'cmake_force_configure' from command line to 'False'
[0.350s] Level 5:colcon.colcon_core.verb:set package 'slam_obstacle_detection' build argument 'ament_cmake_args' from command line to 'None'
[0.350s] Level 5:colcon.colcon_core.verb:set package 'slam_obstacle_detection' build argument 'catkin_cmake_args' from command line to 'None'
[0.350s] Level 5:colcon.colcon_core.verb:set package 'slam_obstacle_detection' build argument 'catkin_skip_building_tests' from command line to 'False'
[0.350s] DEBUG:colcon.colcon_core.verb:Building package 'slam_obstacle_detection' with the following arguments: {'ament_cmake_args': None, 'build_base': '/home/javier/slam_obstacle_ws/build/slam_obstacle_detection', 'catkin_cmake_args': None, 'catkin_skip_building_tests': False, 'cmake_args': None, 'cmake_clean_cache': False, 'cmake_clean_first': False, 'cmake_force_configure': False, 'cmake_target': None, 'cmake_target_skip_unavailable': False, 'install_base': '/home/javier/slam_obstacle_ws/install/slam_obstacle_detection', 'merge_install': False, 'path': '/home/javier/slam_obstacle_ws/src/slam_obstacle_detection', 'symlink_install': True, 'test_result_base': None}
[0.351s] INFO:colcon.colcon_core.executor:Executing jobs using 'parallel' executor
[0.351s] DEBUG:colcon.colcon_parallel_executor.executor.parallel:run_until_complete
[0.351s] INFO:colcon.colcon_ros.task.ament_cmake.build:Building ROS package in '/home/javier/slam_obstacle_ws/src/mi_mundo' with build type 'ament_cmake'
[0.351s] INFO:colcon.colcon_cmake.task.cmake.build:Building CMake package in '/home/javier/slam_obstacle_ws/src/mi_mundo'
[0.353s] INFO:colcon.colcon_core.plugin_system:Skipping extension 'colcon_core.shell.bat': Not used on non-Windows systems
[0.353s] INFO:colcon.colcon_core.shell:Skip shell extension 'powershell' for command environment: Not usable outside of PowerShell
[0.353s] DEBUG:colcon.colcon_core.shell:Skip shell extension 'dsv' for command environment
[0.358s] INFO:colcon.colcon_ros.task.ament_python.build:Building ROS package in '/home/javier/slam_obstacle_ws/src/slam_obstacle_detection' with build type 'ament_python'
[0.358s] Level 1:colcon.colcon_core.shell:create_environment_hook('slam_obstacle_detection', 'ament_prefix_path')
[0.358s] INFO:colcon.colcon_core.shell:Creating environment hook '/home/javier/slam_obstacle_ws/install/slam_obstacle_detection/share/slam_obstacle_detection/hook/ament_prefix_path.ps1'
[0.359s] INFO:colcon.colcon_core.shell:Creating environment descriptor '/home/javier/slam_obstacle_ws/install/slam_obstacle_detection/share/slam_obstacle_detection/hook/ament_prefix_path.dsv'
[0.359s] INFO:colcon.colcon_core.shell:Creating environment hook '/home/javier/slam_obstacle_ws/install/slam_obstacle_detection/share/slam_obstacle_detection/hook/ament_prefix_path.sh'
[0.359s] INFO:colcon.colcon_core.shell:Skip shell extension 'powershell' for command environment: Not usable outside of PowerShell
[0.360s] DEBUG:colcon.colcon_core.shell:Skip shell extension 'dsv' for command environment
[0.368s] DEBUG:colcon.colcon_core.event_handler.log_command:Invoking command in '/home/javier/slam_obstacle_ws/build/mi_mundo': CMAKE_PREFIX_PATH=${CMAKE_PREFIX_PATH}:/home/javier/turtlebot3_ws/install/turtlebot3_teleop:/home/javier/turtlebot3_ws/install/obstacle_detector:/home/javier/turtlebot3_ws/install/turtlebot3_example:/home/javier/slam_obstacle_ws/install/slam_obstacle_detection:/home/javier/t2_ws/install/t2_robot:/opt/ros/humble /usr/bin/cmake --build /home/javier/slam_obstacle_ws/build/mi_mundo -- -j12 -l12
[0.610s] INFO:colcon.colcon_core.task.python.build:Building Python package in '/home/javier/slam_obstacle_ws/src/slam_obstacle_detection'
[0.610s] INFO:colcon.colcon_core.shell:Skip shell extension 'powershell' for command environment: Not usable outside of PowerShell
[0.610s] DEBUG:colcon.colcon_core.shell:Skip shell extension 'dsv' for command environment
[0.978s] DEBUG:colcon.colcon_core.event_handler.log_command:Invoking command in '/home/javier/slam_obstacle_ws/build/slam_obstacle_detection': PYTHONPATH=/home/javier/slam_obstacle_ws/build/slam_obstacle_detection/prefix_override:/usr/lib/python3/dist-packages/colcon_core/task/python/colcon_distutils_commands:/home/javier/slam_obstacle_ws/install/slam_obstacle_detection/lib/python3.10/site-packages:${PYTHONPATH} /usr/bin/python3 -W ignore:setup.py install is deprecated -W ignore:easy_install command is deprecated setup.py develop --editable --build-directory /home/javier/slam_obstacle_ws/build/slam_obstacle_detection/build --no-deps symlink_data
[1.439s] Level 1:colcon.colcon_core.shell:create_environment_hook('slam_obstacle_detection', 'pythonpath_develop')
[1.439s] INFO:colcon.colcon_core.shell:Creating environment hook '/home/javier/slam_obstacle_ws/build/slam_obstacle_detection/share/slam_obstacle_detection/hook/pythonpath_develop.ps1'
[1.440s] DEBUG:colcon.colcon_core.event_handler.log_command:Invoked command in '/home/javier/slam_obstacle_ws/build/slam_obstacle_detection' returned '0': PYTHONPATH=/home/javier/slam_obstacle_ws/build/slam_obstacle_detection/prefix_override:/usr/lib/python3/dist-packages/colcon_core/task/python/colcon_distutils_commands:/home/javier/slam_obstacle_ws/install/slam_obstacle_detection/lib/python3.10/site-packages:${PYTHONPATH} /usr/bin/python3 -W ignore:setup.py install is deprecated -W ignore:easy_install command is deprecated setup.py develop --editable --build-directory /home/javier/slam_obstacle_ws/build/slam_obstacle_detection/build --no-deps symlink_data
[1.440s] INFO:colcon.colcon_core.shell:Creating environment descriptor '/home/javier/slam_obstacle_ws/build/slam_obstacle_detection/share/slam_obstacle_detection/hook/pythonpath_develop.dsv'
[1.440s] INFO:colcon.colcon_core.shell:Creating environment hook '/home/javier/slam_obstacle_ws/build/slam_obstacle_detection/share/slam_obstacle_detection/hook/pythonpath_develop.sh'
[1.442s] Level 1:colcon.colcon_core.environment:checking '/home/javier/slam_obstacle_ws/install/slam_obstacle_detection' for CMake module files
[1.443s] Level 1:colcon.colcon_core.environment:checking '/home/javier/slam_obstacle_ws/install/slam_obstacle_detection' for CMake config files
[1.443s] Level 1:colcon.colcon_core.environment:checking '/home/javier/slam_obstacle_ws/install/slam_obstacle_detection/lib'
[1.443s] Level 1:colcon.colcon_core.environment:checking '/home/javier/slam_obstacle_ws/install/slam_obstacle_detection/bin'
[1.443s] Level 1:colcon.colcon_core.environment:checking '/home/javier/slam_obstacle_ws/install/slam_obstacle_detection/lib/pkgconfig/slam_obstacle_detection.pc'
[1.444s] Level 1:colcon.colcon_core.environment:checking '/home/javier/slam_obstacle_ws/install/slam_obstacle_detection/lib/python3.10/site-packages'
[1.444s] Level 1:colcon.colcon_core.shell:create_environment_hook('slam_obstacle_detection', 'pythonpath')
[1.444s] INFO:colcon.colcon_core.shell:Creating environment hook '/home/javier/slam_obstacle_ws/install/slam_obstacle_detection/share/slam_obstacle_detection/hook/pythonpath.ps1'
[1.444s] INFO:colcon.colcon_core.shell:Creating environment descriptor '/home/javier/slam_obstacle_ws/install/slam_obstacle_detection/share/slam_obstacle_detection/hook/pythonpath.dsv'
[1.444s] INFO:colcon.colcon_core.shell:Creating environment hook '/home/javier/slam_obstacle_ws/install/slam_obstacle_detection/share/slam_obstacle_detection/hook/pythonpath.sh'
[1.445s] Level 1:colcon.colcon_core.environment:checking '/home/javier/slam_obstacle_ws/install/slam_obstacle_detection/bin'
[1.445s] Level 1:colcon.colcon_core.environment:create_environment_scripts_only(slam_obstacle_detection)
[1.445s] INFO:colcon.colcon_core.shell:Creating package script '/home/javier/slam_obstacle_ws/install/slam_obstacle_detection/share/slam_obstacle_detection/package.ps1'
[1.446s] INFO:colcon.colcon_core.shell:Creating package descriptor '/home/javier/slam_obstacle_ws/install/slam_obstacle_detection/share/slam_obstacle_detection/package.dsv'
[1.446s] INFO:colcon.colcon_core.shell:Creating package script '/home/javier/slam_obstacle_ws/install/slam_obstacle_detection/share/slam_obstacle_detection/package.sh'
[1.447s] INFO:colcon.colcon_core.shell:Creating package script '/home/javier/slam_obstacle_ws/install/slam_obstacle_detection/share/slam_obstacle_detection/package.bash'
[1.448s] INFO:colcon.colcon_core.shell:Creating package script '/home/javier/slam_obstacle_ws/install/slam_obstacle_detection/share/slam_obstacle_detection/package.zsh'
[1.448s] Level 1:colcon.colcon_core.environment:create_file_with_runtime_dependencies(/home/javier/slam_obstacle_ws/install/slam_obstacle_detection/share/colcon-core/packages/slam_obstacle_detection)
[10.920s] DEBUG:colcon.colcon_core.event_handler.log_command:Invoked command in '/home/javier/slam_obstacle_ws/build/mi_mundo' returned '0': CMAKE_PREFIX_PATH=${CMAKE_PREFIX_PATH}:/home/javier/turtlebot3_ws/install/turtlebot3_teleop:/home/javier/turtlebot3_ws/install/obstacle_detector:/home/javier/turtlebot3_ws/install/turtlebot3_example:/home/javier/slam_obstacle_ws/install/slam_obstacle_detection:/home/javier/t2_ws/install/t2_robot:/opt/ros/humble /usr/bin/cmake --build /home/javier/slam_obstacle_ws/build/mi_mundo -- -j12 -l12
[10.928s] DEBUG:colcon.colcon_core.event_handler.log_command:Invoking command in '/home/javier/slam_obstacle_ws/build/mi_mundo': CMAKE_PREFIX_PATH=${CMAKE_PREFIX_PATH}:/home/javier/turtlebot3_ws/install/turtlebot3_teleop:/home/javier/turtlebot3_ws/install/obstacle_detector:/home/javier/turtlebot3_ws/install/turtlebot3_example:/home/javier/slam_obstacle_ws/install/slam_obstacle_detection:/home/javier/t2_ws/install/t2_robot:/opt/ros/humble /usr/bin/cmake --install /home/javier/slam_obstacle_ws/build/mi_mundo
[10.943s] Level 1:colcon.colcon_core.environment:create_environment_scripts_only(mi_mundo)
[10.944s] Level 1:colcon.colcon_core.environment:checking '/home/javier/slam_obstacle_ws/install/mi_mundo' for CMake module files
[10.944s] DEBUG:colcon.colcon_core.event_handler.log_command:Invoked command in '/home/javier/slam_obstacle_ws/build/mi_mundo' returned '0': CMAKE_PREFIX_PATH=${CMAKE_PREFIX_PATH}:/home/javier/turtlebot3_ws/install/turtlebot3_teleop:/home/javier/turtlebot3_ws/install/obstacle_detector:/home/javier/turtlebot3_ws/install/turtlebot3_example:/home/javier/slam_obstacle_ws/install/slam_obstacle_detection:/home/javier/t2_ws/install/t2_robot:/opt/ros/humble /usr/bin/cmake --install /home/javier/slam_obstacle_ws/build/mi_mundo
[10.944s] Level 1:colcon.colcon_core.environment:checking '/home/javier/slam_obstacle_ws/install/mi_mundo' for CMake config files
[10.945s] Level 1:colcon.colcon_core.shell:create_environment_hook('mi_mundo', 'cmake_prefix_path')
[10.945s] INFO:colcon.colcon_core.shell:Creating environment hook '/home/javier/slam_obstacle_ws/install/mi_mundo/share/mi_mundo/hook/cmake_prefix_path.ps1'
[10.945s] INFO:colcon.colcon_core.shell:Creating environment descriptor '/home/javier/slam_obstacle_ws/install/mi_mundo/share/mi_mundo/hook/cmake_prefix_path.dsv'
[10.945s] INFO:colcon.colcon_core.shell:Creating environment hook '/home/javier/slam_obstacle_ws/install/mi_mundo/share/mi_mundo/hook/cmake_prefix_path.sh'
[10.946s] Level 1:colcon.colcon_core.environment:checking '/home/javier/slam_obstacle_ws/install/mi_mundo/bin'
[10.946s] Level 1:colcon.colcon_core.environment:checking '/home/javier/slam_obstacle_ws/install/mi_mundo/lib/pkgconfig/mi_mundo.pc'
[10.946s] Level 1:colcon.colcon_core.environment:checking '/home/javier/slam_obstacle_ws/install/mi_mundo/lib/python3.10/site-packages'
[10.946s] Level 1:colcon.colcon_core.environment:checking '/home/javier/slam_obstacle_ws/install/mi_mundo/bin'
[10.946s] INFO:colcon.colcon_core.shell:Creating package script '/home/javier/slam_obstacle_ws/install/mi_mundo/share/mi_mundo/package.ps1'
[10.947s] INFO:colcon.colcon_core.shell:Creating package descriptor '/home/javier/slam_obstacle_ws/install/mi_mundo/share/mi_mundo/package.dsv'
[10.947s] INFO:colcon.colcon_core.shell:Creating package script '/home/javier/slam_obstacle_ws/install/mi_mundo/share/mi_mundo/package.sh'
[10.947s] INFO:colcon.colcon_core.shell:Creating package script '/home/javier/slam_obstacle_ws/install/mi_mundo/share/mi_mundo/package.bash'
[10.948s] INFO:colcon.colcon_core.shell:Creating package script '/home/javier/slam_obstacle_ws/install/mi_mundo/share/mi_mundo/package.zsh'
[10.948s] Level 1:colcon.colcon_core.environment:create_file_with_runtime_dependencies(/home/javier/slam_obstacle_ws/install/mi_mundo/share/colcon-core/packages/mi_mundo)
[10.948s] Level 1:colcon.colcon_core.environment:create_environment_scripts_only(mi_mundo)
[10.948s] Level 1:colcon.colcon_core.environment:checking '/home/javier/slam_obstacle_ws/install/mi_mundo' for CMake module files
[10.949s] Level 1:colcon.colcon_core.environment:checking '/home/javier/slam_obstacle_ws/install/mi_mundo' for CMake config files
[10.949s] Level 1:colcon.colcon_core.shell:create_environment_hook('mi_mundo', 'cmake_prefix_path')
[10.949s] INFO:colcon.colcon_core.shell:Creating environment hook '/home/javier/slam_obstacle_ws/install/mi_mundo/share/mi_mundo/hook/cmake_prefix_path.ps1'
[10.949s] INFO:colcon.colcon_core.shell:Creating environment descriptor '/home/javier/slam_obstacle_ws/install/mi_mundo/share/mi_mundo/hook/cmake_prefix_path.dsv'
[10.950s] INFO:colcon.colcon_core.shell:Creating environment hook '/home/javier/slam_obstacle_ws/install/mi_mundo/share/mi_mundo/hook/cmake_prefix_path.sh'
[10.950s] Level 1:colcon.colcon_core.environment:checking '/home/javier/slam_obstacle_ws/install/mi_mundo/bin'
[10.950s] Level 1:colcon.colcon_core.environment:checking '/home/javier/slam_obstacle_ws/install/mi_mundo/lib/pkgconfig/mi_mundo.pc'
[10.950s] Level 1:colcon.colcon_core.environment:checking '/home/javier/slam_obstacle_ws/install/mi_mundo/lib/python3.10/site-packages'
[10.950s] Level 1:colcon.colcon_core.environment:checking '/home/javier/slam_obstacle_ws/install/mi_mundo/bin'
[10.951s] INFO:colcon.colcon_core.shell:Creating package script '/home/javier/slam_obstacle_ws/install/mi_mundo/share/mi_mundo/package.ps1'
[10.951s] INFO:colcon.colcon_core.shell:Creating package descriptor '/home/javier/slam_obstacle_ws/install/mi_mundo/share/mi_mundo/package.dsv'
[10.951s] INFO:colcon.colcon_core.shell:Creating package script '/home/javier/slam_obstacle_ws/install/mi_mundo/share/mi_mundo/package.sh'
[10.952s] INFO:colcon.colcon_core.shell:Creating package script '/home/javier/slam_obstacle_ws/install/mi_mundo/share/mi_mundo/package.bash'
[10.952s] INFO:colcon.colcon_core.shell:Creating package script '/home/javier/slam_obstacle_ws/install/mi_mundo/share/mi_mundo/package.zsh'
[10.952s] Level 1:colcon.colcon_core.environment:create_file_with_runtime_dependencies(/home/javier/slam_obstacle_ws/install/mi_mundo/share/colcon-core/packages/mi_mundo)
[10.952s] DEBUG:colcon.colcon_parallel_executor.executor.parallel:closing loop
[10.952s] DEBUG:colcon.colcon_parallel_executor.executor.parallel:loop closed
[10.952s] DEBUG:colcon.colcon_parallel_executor.executor.parallel:run_until_complete finished with '0'
[10.952s] DEBUG:colcon.colcon_core.event_reactor:joining thread
[10.956s] INFO:colcon.colcon_core.plugin_system:Skipping extension 'colcon_notification.desktop_notification.terminal_notifier': Not used on non-Darwin systems
[10.957s] INFO:colcon.colcon_core.plugin_system:Skipping extension 'colcon_notification.desktop_notification.win32': Not used on non-Windows systems
[10.957s] INFO:colcon.colcon_notification.desktop_notification:Sending desktop notification using 'notify2'
[10.965s] DEBUG:colcon.colcon_core.event_reactor:joined thread
[10.965s] INFO:colcon.colcon_core.shell:Creating prefix script '/home/javier/slam_obstacle_ws/install/local_setup.ps1'
[10.966s] INFO:colcon.colcon_core.shell:Creating prefix util module '/home/javier/slam_obstacle_ws/install/_local_setup_util_ps1.py'
[10.967s] INFO:colcon.colcon_core.shell:Creating prefix chain script '/home/javier/slam_obstacle_ws/install/setup.ps1'
[10.968s] INFO:colcon.colcon_core.shell:Creating prefix script '/home/javier/slam_obstacle_ws/install/local_setup.sh'
[10.968s] INFO:colcon.colcon_core.shell:Creating prefix util module '/home/javier/slam_obstacle_ws/install/_local_setup_util_sh.py'
[10.969s] INFO:colcon.colcon_core.shell:Creating prefix chain script '/home/javier/slam_obstacle_ws/install/setup.sh'
[10.970s] INFO:colcon.colcon_core.shell:Creating prefix script '/home/javier/slam_obstacle_ws/install/local_setup.bash'
[10.970s] INFO:colcon.colcon_core.shell:Creating prefix chain script '/home/javier/slam_obstacle_ws/install/setup.bash'
[10.972s] INFO:colcon.colcon_core.shell:Creating prefix script '/home/javier/slam_obstacle_ws/install/local_setup.zsh'
[10.972s] INFO:colcon.colcon_core.shell:Creating prefix chain script '/home/javier/slam_obstacle_ws/install/setup.zsh'
