[3.240s] DEBUG:colcon:Command line arguments: ['/usr/bin/colcon', 'build']
[3.240s] DEBUG:colcon:Parsed command line arguments: Namespace(log_base=None, log_level=None, verb_name='build', build_base='build', install_base='install', merge_install=False, symlink_install=False, test_result_base=None, continue_on_error=False, executor='parallel', parallel_workers=12, event_handlers=None, ignore_user_meta=False, metas=['./colcon.meta'], base_paths=['.'], packages_ignore=None, packages_ignore_regex=None, paths=None, packages_up_to=None, packages_up_to_regex=None, packages_above=None, packages_above_and_dependencies=None, packages_above_depth=None, packages_select_by_dep=None, packages_skip_by_dep=None, packages_skip_up_to=None, packages_select_build_failed=False, packages_skip_build_finished=False, packages_select_test_failures=False, packages_skip_test_passed=False, packages_select=None, packages_skip=None, packages_select_regex=None, packages_skip_regex=None, packages_start=None, packages_end=None, allow_overriding=[], cmake_args=None, cmake_target=None, cmake_target_skip_unavailable=False, cmake_clean_cache=False, cmake_clean_first=False, cmake_force_configure=False, ament_cmake_args=None, catkin_cmake_args=None, catkin_skip_building_tests=False, mixin_files=None, mixin=None, verb_parser=<colcon_mixin.mixin.mixin_argument.MixinArgumentDecorator object at 0x7233f5e04640>, verb_extension=<colcon_core.verb.build.BuildVerb object at 0x7233f5f955a0>, main=<bound method BuildVerb.main of <colcon_core.verb.build.BuildVerb object at 0x7233f5f955a0>>, mixin_verb=('build',))
[7.026s] Level 1:colcon.colcon_core.package_discovery:discover_packages(colcon_meta) check parameters
[7.027s] Level 1:colcon.colcon_core.package_discovery:discover_packages(recursive) check parameters
[7.027s] Level 1:colcon.colcon_core.package_discovery:discover_packages(ignore) check parameters
[7.027s] Level 1:colcon.colcon_core.package_discovery:discover_packages(path) check parameters
[7.027s] Level 1:colcon.colcon_core.package_discovery:discover_packages(colcon_meta) discover
[7.027s] Level 1:colcon.colcon_core.package_discovery:discover_packages(recursive) discover
[7.027s] INFO:colcon.colcon_core.package_discovery:Crawling recursively for packages in '/home/javier/slam_obstacle_ws'
[7.028s] Level 1:colcon.colcon_core.package_identification:_identify(.) by extensions ['ignore', 'ignore_ament_install']
[7.028s] Level 1:colcon.colcon_core.package_identification:_identify(.) by extension 'ignore'
[7.028s] Level 1:colcon.colcon_core.package_identification:_identify(.) by extension 'ignore_ament_install'
[7.029s] Level 1:colcon.colcon_core.package_identification:_identify(.) by extensions ['colcon_pkg']
[7.029s] Level 1:colcon.colcon_core.package_identification:_identify(.) by extension 'colcon_pkg'
[7.029s] Level 1:colcon.colcon_core.package_identification:_identify(.) by extensions ['colcon_meta']
[7.029s] Level 1:colcon.colcon_core.package_identification:_identify(.) by extension 'colcon_meta'
[7.029s] Level 1:colcon.colcon_core.package_identification:_identify(.) by extensions ['ros']
[7.029s] Level 1:colcon.colcon_core.package_identification:_identify(.) by extension 'ros'
[7.112s] Level 1:colcon.colcon_core.package_identification:_identify(.) by extensions ['cmake', 'python']
[7.112s] Level 1:colcon.colcon_core.package_identification:_identify(.) by extension 'cmake'
[7.112s] Level 1:colcon.colcon_core.package_identification:_identify(.) by extension 'python'
[7.112s] Level 1:colcon.colcon_core.package_identification:_identify(.) by extensions ['python_setup_py']
[7.112s] Level 1:colcon.colcon_core.package_identification:_identify(.) by extension 'python_setup_py'
[7.113s] Level 1:colcon.colcon_core.package_identification:_identify(build) by extensions ['ignore', 'ignore_ament_install']
[7.113s] Level 1:colcon.colcon_core.package_identification:_identify(build) by extension 'ignore'
[7.113s] Level 1:colcon.colcon_core.package_identification:_identify(build) ignored
[7.113s] Level 1:colcon.colcon_core.package_identification:_identify(install) by extensions ['ignore', 'ignore_ament_install']
[7.113s] Level 1:colcon.colcon_core.package_identification:_identify(install) by extension 'ignore'
[7.113s] Level 1:colcon.colcon_core.package_identification:_identify(install) ignored
[7.113s] Level 1:colcon.colcon_core.package_identification:_identify(log) by extensions ['ignore', 'ignore_ament_install']
[7.113s] Level 1:colcon.colcon_core.package_identification:_identify(log) by extension 'ignore'
[7.114s] Level 1:colcon.colcon_core.package_identification:_identify(log) ignored
[7.114s] Level 1:colcon.colcon_core.package_identification:_identify(src) by extensions ['ignore', 'ignore_ament_install']
[7.114s] Level 1:colcon.colcon_core.package_identification:_identify(src) by extension 'ignore'
[7.114s] Level 1:colcon.colcon_core.package_identification:_identify(src) by extension 'ignore_ament_install'
[7.114s] Level 1:colcon.colcon_core.package_identification:_identify(src) by extensions ['colcon_pkg']
[7.114s] Level 1:colcon.colcon_core.package_identification:_identify(src) by extension 'colcon_pkg'
[7.114s] Level 1:colcon.colcon_core.package_identification:_identify(src) by extensions ['colcon_meta']
[7.114s] Level 1:colcon.colcon_core.package_identification:_identify(src) by extension 'colcon_meta'
[7.114s] Level 1:colcon.colcon_core.package_identification:_identify(src) by extensions ['ros']
[7.114s] Level 1:colcon.colcon_core.package_identification:_identify(src) by extension 'ros'
[7.114s] Level 1:colcon.colcon_core.package_identification:_identify(src) by extensions ['cmake', 'python']
[7.114s] Level 1:colcon.colcon_core.package_identification:_identify(src) by extension 'cmake'
[7.114s] Level 1:colcon.colcon_core.package_identification:_identify(src) by extension 'python'
[7.114s] Level 1:colcon.colcon_core.package_identification:_identify(src) by extensions ['python_setup_py']
[7.115s] Level 1:colcon.colcon_core.package_identification:_identify(src) by extension 'python_setup_py'
[7.115s] Level 1:colcon.colcon_core.package_discovery:discover_packages(recursive) using defaults
[7.115s] Level 1:colcon.colcon_core.package_discovery:discover_packages(ignore) discover
[7.115s] Level 1:colcon.colcon_core.package_discovery:discover_packages(ignore) using defaults
[7.115s] Level 1:colcon.colcon_core.package_discovery:discover_packages(path) discover
[7.115s] Level 1:colcon.colcon_core.package_discovery:discover_packages(path) using defaults
[7.387s] Level 1:colcon.colcon_core.package_discovery:discover_packages(prefix_path) check parameters
[7.387s] Level 1:colcon.colcon_core.package_discovery:discover_packages(prefix_path) discover
[7.406s] WARNING:colcon.colcon_ros.prefix_path.ament:The path '/home/javier/slam_obstacle_ws/install/slam_obstacle_detection' in the environment variable AMENT_PREFIX_PATH doesn't exist
[7.406s] WARNING:colcon.colcon_ros.prefix_path.ament:The path '/home/javier/slam_obstacle_ws/install/rqt_plot' in the environment variable AMENT_PREFIX_PATH doesn't exist
[7.406s] WARNING:colcon.colcon_ros.prefix_path.ament:The path '/home/javier/slam_obstacle_ws/install/mi_mundo' in the environment variable AMENT_PREFIX_PATH doesn't exist
[7.414s] WARNING:colcon.colcon_ros.prefix_path.catkin:The path '/home/javier/slam_obstacle_ws/install/slam_obstacle_detection' in the environment variable CMAKE_PREFIX_PATH doesn't exist
[7.414s] WARNING:colcon.colcon_ros.prefix_path.catkin:The path '/home/javier/slam_obstacle_ws/install/mi_mundo' in the environment variable CMAKE_PREFIX_PATH doesn't exist
[7.420s] DEBUG:colcon.colcon_installed_package_information.package_discovery:Found 12 installed packages in /home/javier/turtlebot3_ws/install
[7.421s] DEBUG:colcon.colcon_installed_package_information.package_discovery:Found 0 installed packages in /home/javier/slam_obstacle_ws/install
[7.423s] DEBUG:colcon.colcon_installed_package_information.package_discovery:Found 1 installed packages in /home/javier/t2_ws/install
[7.432s] DEBUG:colcon.colcon_installed_package_information.package_discovery:Found 463 installed packages in /opt/ros/humble
[7.439s] Level 1:colcon.colcon_core.package_discovery:discover_packages(prefix_path) using defaults
[7.726s] INFO:colcon.colcon_core.executor:Executing jobs using 'parallel' executor
[7.727s] DEBUG:colcon.colcon_parallel_executor.executor.parallel:run_until_complete
[7.727s] DEBUG:colcon.colcon_parallel_executor.executor.parallel:closing loop
[7.728s] DEBUG:colcon.colcon_parallel_executor.executor.parallel:loop closed
[7.728s] DEBUG:colcon.colcon_parallel_executor.executor.parallel:run_until_complete finished with '0'
[7.728s] DEBUG:colcon.colcon_core.event_reactor:joining thread
[7.775s] INFO:colcon.colcon_core.plugin_system:Skipping extension 'colcon_notification.desktop_notification.terminal_notifier': Not used on non-Darwin systems
[7.775s] INFO:colcon.colcon_core.plugin_system:Skipping extension 'colcon_notification.desktop_notification.win32': Not used on non-Windows systems
[7.775s] INFO:colcon.colcon_notification.desktop_notification:Sending desktop notification using 'notify2'
[7.801s] DEBUG:colcon.colcon_core.event_reactor:joined thread
[7.877s] INFO:colcon.colcon_core.plugin_system:Skipping extension 'colcon_core.shell.bat': Not used on non-Windows systems
[7.877s] INFO:colcon.colcon_core.shell:Creating prefix script '/home/javier/slam_obstacle_ws/install/local_setup.ps1'
[7.916s] INFO:colcon.colcon_core.shell:Creating prefix util module '/home/javier/slam_obstacle_ws/install/_local_setup_util_ps1.py'
[7.941s] INFO:colcon.colcon_core.shell:Creating prefix chain script '/home/javier/slam_obstacle_ws/install/setup.ps1'
[7.948s] INFO:colcon.colcon_core.shell:Creating prefix script '/home/javier/slam_obstacle_ws/install/local_setup.sh'
[7.963s] INFO:colcon.colcon_core.shell:Creating prefix util module '/home/javier/slam_obstacle_ws/install/_local_setup_util_sh.py'
[7.965s] INFO:colcon.colcon_core.shell:Creating prefix chain script '/home/javier/slam_obstacle_ws/install/setup.sh'
[7.972s] INFO:colcon.colcon_core.shell:Creating prefix script '/home/javier/slam_obstacle_ws/install/local_setup.bash'
[7.985s] INFO:colcon.colcon_core.shell:Creating prefix chain script '/home/javier/slam_obstacle_ws/install/setup.bash'
[7.992s] INFO:colcon.colcon_core.shell:Creating prefix script '/home/javier/slam_obstacle_ws/install/local_setup.zsh'
[8.001s] INFO:colcon.colcon_core.shell:Creating prefix chain script '/home/javier/slam_obstacle_ws/install/setup.zsh'
