[0.016s] Invoking command in '/home/javier/slam_obstacle_ws/build/mi_mundo': CMAKE_PREFIX_PATH=${CMAKE_PREFIX_PATH}:/home/javier/turtlebot3_ws/install/turtlebot3_teleop:/home/javier/turtlebot3_ws/install/obstacle_detector:/home/javier/turtlebot3_ws/install/turtlebot3_example:/home/javier/slam_obstacle_ws/install/slam_obstacle_detection:/home/javier/t2_ws/install/t2_robot:/opt/ros/humble /usr/bin/cmake --build /home/javier/slam_obstacle_ws/build/mi_mundo -- -j12 -l12
[0.034s] -- Found ament_cmake: 1.3.11 (/opt/ros/humble/share/ament_cmake/cmake)
[0.135s] -- Override CMake install command with custom implementation using symlinks instead of copying resources
[0.180s] -- Found gazebo_ros: 3.9.0 (/opt/ros/humble/share/gazebo_ros/cmake)
[1.007s] -- Found rosidl_generator_c: 3.1.6 (/opt/ros/humble/share/rosidl_generator_c/cmake)
[1.103s] -- Found rosidl_adapter: 3.1.6 (/opt/ros/humble/share/rosidl_adapter/cmake)
[1.425s] -- Found rosidl_generator_cpp: 3.1.6 (/opt/ros/humble/share/rosidl_generator_cpp/cmake)
[1.578s] -- Using all available rosidl_typesupport_c: rosidl_typesupport_fastrtps_c;rosidl_typesupport_introspection_c
[1.739s] -- Using all available rosidl_typesupport_cpp: rosidl_typesupport_fastrtps_cpp;rosidl_typesupport_introspection_cpp
[2.460s] -- Found rmw_implementation_cmake: 6.1.2 (/opt/ros/humble/share/rmw_implementation_cmake/cmake)
[2.581s] -- Found rmw_fastrtps_cpp: 6.2.7 (/opt/ros/humble/share/rmw_fastrtps_cpp/cmake)
[3.607s] -- Found OpenSSL: /usr/lib/x86_64-linux-gnu/libcrypto.so (found version "3.0.2")  
[3.849s] -- Found FastRTPS: /opt/ros/humble/include  
[3.975s] -- Using RMW implementation 'rmw_fastrtps_cpp' as default
[4.906s] -- Looking for pthread.h
[7.322s] -- Looking for pthread.h - found
[7.336s] -- Performing Test CMAKE_HAVE_LIBC_PTHREAD
[7.512s] -- Performing Test CMAKE_HAVE_LIBC_PTHREAD - Success
[7.513s] -- Found Threads: TRUE  
[7.708s] -- Found PkgConfig: /usr/bin/pkg-config (found version "0.29.2") 
[7.709s] -- Checking for module 'bullet>=2.82'
[7.729s] --   Found bullet, version 3.05
[7.922s] -- Found fcl: /usr/include (found suitable version "0.7.0", minimum required is "0.5.0") 
[7.998s] -- Found assimp: /usr/include (found version "5.2.0") 
[8.124s] -- Found DART: /usr/include (Required is at least version "6.6") found components: dart 
[8.261s] -- Found Boost: /usr/lib/x86_64-linux-gnu/cmake/Boost-1.74.0/BoostConfig.cmake (found suitable version "1.74.0", minimum required is "1.40.0") found components: thread system filesystem program_options regex iostreams date_time 
[8.628s] -- Found Protobuf: /usr/lib/x86_64-linux-gnu/libprotobuf.so (found version "3.12.4") 
[8.697s] -- Looking for ignition-math6 -- found version 6.15.1
[9.005s] -- Searching for dependencies of ignition-math6
[9.027s] -- Looking for OGRE...
[9.029s] -- OGRE_PREFIX_WATCH changed.
[9.035s] -- Checking for module 'OGRE'
[9.045s] --   Found OGRE, version 1.9.0
[9.098s] -- Found Ogre Ghadamon (1.9.0)
[9.146s] -- Found OGRE: optimized;/usr/lib/x86_64-linux-gnu/libOgreMain.so;debug;/usr/lib/x86_64-linux-gnu/libOgreMain.so
[9.163s] -- Looking for OGRE_Paging...
[9.171s] -- Found OGRE_Paging: optimized;/usr/lib/x86_64-linux-gnu/libOgrePaging.so;debug;/usr/lib/x86_64-linux-gnu/libOgrePaging.so
[9.171s] -- Looking for OGRE_Terrain...
[9.177s] -- Found OGRE_Terrain: optimized;/usr/lib/x86_64-linux-gnu/libOgreTerrain.so;debug;/usr/lib/x86_64-linux-gnu/libOgreTerrain.so
[9.177s] -- Looking for OGRE_Property...
[9.183s] -- Found OGRE_Property: optimized;/usr/lib/x86_64-linux-gnu/libOgreProperty.so;debug;/usr/lib/x86_64-linux-gnu/libOgreProperty.so
[9.183s] -- Looking for OGRE_RTShaderSystem...
[9.188s] -- Found OGRE_RTShaderSystem: optimized;/usr/lib/x86_64-linux-gnu/libOgreRTShaderSystem.so;debug;/usr/lib/x86_64-linux-gnu/libOgreRTShaderSystem.so
[9.188s] -- Looking for OGRE_Volume...
[9.193s] -- Found OGRE_Volume: optimized;/usr/lib/x86_64-linux-gnu/libOgreVolume.so;debug;/usr/lib/x86_64-linux-gnu/libOgreVolume.so
[9.193s] -- Looking for OGRE_Overlay...
[9.199s] -- Found OGRE_Overlay: optimized;/usr/lib/x86_64-linux-gnu/libOgreOverlay.so;debug;/usr/lib/x86_64-linux-gnu/libOgreOverlay.so
[9.323s] -- Looking for ignition-math6 -- found version 6.15.1
[9.337s] -- Looking for ignition-transport8 -- found version 8.2.1
[9.338s] -- Searching for dependencies of ignition-transport8
[9.373s] -- Found Protobuf: /usr/lib/x86_64-linux-gnu/libprotobuf.so (found suitable version "3.12.4", minimum required is "3") 
[9.385s] -- Config-file not installed for ZeroMQ -- checking for pkg-config
[9.389s] -- Checking for module 'libzmq >= 4'
[9.513s] --   Found libzmq , version 4.3.4
[9.556s] -- Found ZeroMQ: TRUE (Required is at least version "4") 
[9.576s] -- Checking for module 'uuid'
[9.633s] --   Found uuid, version 2.37.2
[9.707s] -- Found UUID: TRUE  
[9.733s] -- Looking for ignition-msgs5 -- found version 5.8.1
[9.735s] -- Searching for dependencies of ignition-msgs5
[9.772s] -- Looking for ignition-math6 -- found version 6.15.1
[9.777s] -- Checking for module 'tinyxml2'
[9.819s] --   Found tinyxml2, version 9.0.0
[9.946s] -- Looking for ignition-msgs5 -- found version 5.8.1
[9.979s] -- Looking for ignition-common3 -- found version 3.14.0
[9.981s] -- Searching for dependencies of ignition-common3
[9.984s] -- Looking for dlfcn.h - found
[9.988s] -- Looking for libdl - found
[9.994s] -- Found DL: TRUE  
[10.022s] -- Found tinyobjloader: /usr/lib/x86_64-linux-gnu/cmake/tinyobjloader/tinyobjloader-config.cmake (found version "2.0.0") 
[10.024s] -- Searching for <ignition-common3> component [graphics]
[10.044s] -- Looking for ignition-common3-graphics -- found version 3.14.0
[10.044s] -- Searching for dependencies of ignition-common3-graphics
[10.045s] -- Looking for ignition-math6 -- found version 6.15.1
[10.095s] -- Looking for ignition-fuel_tools4 -- found version 4.4.0
[10.098s] -- Searching for dependencies of ignition-fuel_tools4
[10.224s] -- Found CURL: /usr/lib/x86_64-linux-gnu/libcurl.so (found version "7.81.0")  
[10.252s] -- Checking for module 'jsoncpp'
[10.262s] --   Found jsoncpp, version 1.9.5
[10.287s] -- Found JSONCPP: TRUE  
[10.293s] -- Checking for module 'libzip'
[10.322s] --   Found libzip, version 1.7.3
[10.353s] -- Found ZIP: TRUE  
[10.353s] -- Looking for ignition-common3 -- found version 3.14.0
[10.353s] -- Looking for ignition-math6 -- found version 6.15.1
[10.354s] -- Looking for ignition-msgs5 -- found version 5.8.1
[10.416s] -- Gazebo version: 11.10
[10.418s] -- Checking for module 'tbb'
[10.453s] --   Found tbb, version 2021.5.0
[10.479s] -- Found ament_lint_auto: 0.12.11 (/opt/ros/humble/share/ament_lint_auto/cmake)
[10.537s] -- Added test 'lint_cmake' to check CMake code style
[10.538s] -- Added test 'xmllint' to check XML markup files
[10.539s] -- Configuring done
[10.543s] -- Generating done
[10.546s] -- Build files have been written to: /home/javier/slam_obstacle_ws/build/mi_mundo
[10.568s] Invoked command in '/home/javier/slam_obstacle_ws/build/mi_mundo' returned '0': CMAKE_PREFIX_PATH=${CMAKE_PREFIX_PATH}:/home/javier/turtlebot3_ws/install/turtlebot3_teleop:/home/javier/turtlebot3_ws/install/obstacle_detector:/home/javier/turtlebot3_ws/install/turtlebot3_example:/home/javier/slam_obstacle_ws/install/slam_obstacle_detection:/home/javier/t2_ws/install/t2_robot:/opt/ros/humble /usr/bin/cmake --build /home/javier/slam_obstacle_ws/build/mi_mundo -- -j12 -l12
[10.576s] Invoking command in '/home/javier/slam_obstacle_ws/build/mi_mundo': CMAKE_PREFIX_PATH=${CMAKE_PREFIX_PATH}:/home/javier/turtlebot3_ws/install/turtlebot3_teleop:/home/javier/turtlebot3_ws/install/obstacle_detector:/home/javier/turtlebot3_ws/install/turtlebot3_example:/home/javier/slam_obstacle_ws/install/slam_obstacle_detection:/home/javier/t2_ws/install/t2_robot:/opt/ros/humble /usr/bin/cmake --install /home/javier/slam_obstacle_ws/build/mi_mundo
[10.581s] -- Install configuration: ""
[10.581s] -- Execute custom install script
[10.582s] -- Up-to-date symlink: /home/javier/slam_obstacle_ws/install/mi_mundo/share/mi_mundo/worlds/nuevo_mapa.world
[10.582s] -- Up-to-date symlink: /home/javier/slam_obstacle_ws/install/mi_mundo/share/ament_index/resource_index/package_run_dependencies/mi_mundo
[10.582s] -- Up-to-date symlink: /home/javier/slam_obstacle_ws/install/mi_mundo/share/ament_index/resource_index/parent_prefix_path/mi_mundo
[10.582s] -- Up-to-date symlink: /home/javier/slam_obstacle_ws/install/mi_mundo/share/mi_mundo/environment/ament_prefix_path.sh
[10.582s] -- Up-to-date symlink: /home/javier/slam_obstacle_ws/install/mi_mundo/share/mi_mundo/environment/ament_prefix_path.dsv
[10.582s] -- Up-to-date symlink: /home/javier/slam_obstacle_ws/install/mi_mundo/share/mi_mundo/environment/path.sh
[10.583s] -- Up-to-date symlink: /home/javier/slam_obstacle_ws/install/mi_mundo/share/mi_mundo/environment/path.dsv
[10.583s] -- Up-to-date symlink: /home/javier/slam_obstacle_ws/install/mi_mundo/share/mi_mundo/local_setup.bash
[10.583s] -- Up-to-date symlink: /home/javier/slam_obstacle_ws/install/mi_mundo/share/mi_mundo/local_setup.sh
[10.583s] -- Up-to-date symlink: /home/javier/slam_obstacle_ws/install/mi_mundo/share/mi_mundo/local_setup.zsh
[10.583s] -- Up-to-date symlink: /home/javier/slam_obstacle_ws/install/mi_mundo/share/mi_mundo/local_setup.dsv
[10.583s] -- Symlinking: /home/javier/slam_obstacle_ws/install/mi_mundo/share/mi_mundo/package.dsv
[10.590s] -- Up-to-date symlink: /home/javier/slam_obstacle_ws/install/mi_mundo/share/ament_index/resource_index/packages/mi_mundo
[10.590s] -- Up-to-date symlink: /home/javier/slam_obstacle_ws/install/mi_mundo/share/mi_mundo/cmake/mi_mundoConfig.cmake
[10.590s] -- Up-to-date symlink: /home/javier/slam_obstacle_ws/install/mi_mundo/share/mi_mundo/cmake/mi_mundoConfig-version.cmake
[10.591s] -- Up-to-date symlink: /home/javier/slam_obstacle_ws/install/mi_mundo/share/mi_mundo/package.xml
[10.592s] Invoked command in '/home/javier/slam_obstacle_ws/build/mi_mundo' returned '0': CMAKE_PREFIX_PATH=${CMAKE_PREFIX_PATH}:/home/javier/turtlebot3_ws/install/turtlebot3_teleop:/home/javier/turtlebot3_ws/install/obstacle_detector:/home/javier/turtlebot3_ws/install/turtlebot3_example:/home/javier/slam_obstacle_ws/install/slam_obstacle_detection:/home/javier/t2_ws/install/t2_robot:/opt/ros/humble /usr/bin/cmake --install /home/javier/slam_obstacle_ws/build/mi_mundo
