[0.031s] Invoking command in '/home/javier/slam_obstacle_ws/build/mi_mundo': CMAKE_PREFIX_PATH=${CMAKE_PREFIX_PATH}:/home/javier/turtlebot3_ws/install/turtlebot3_teleop:/home/javier/turtlebot3_ws/install/obstacle_detector:/home/javier/turtlebot3_ws/install/turtlebot3_example:/home/javier/slam_obstacle_ws/install/slam_obstacle_detection:/home/javier/t2_ws/install/t2_robot:/opt/ros/humble /usr/bin/cmake /home/javier/slam_obstacle_ws/src/mi_mundo -DCMAKE_INSTALL_PREFIX=/home/javier/slam_obstacle_ws/install/mi_mundo
[0.047s] -- Found ament_cmake: 1.3.11 (/opt/ros/humble/share/ament_cmake/cmake)
[0.150s] -- Override CMake install command with custom implementation using symlinks instead of copying resources
[0.156s] -- Found ament_lint_auto: 0.12.11 (/opt/ros/humble/share/ament_lint_auto/cmake)
[0.215s] -- Added test 'lint_cmake' to check CMake code style
[0.215s] -- Added test 'xmllint' to check XML markup files
[0.216s] -- Configuring done
[0.242s] -- Generating done
[0.244s] -- Build files have been written to: /home/javier/slam_obstacle_ws/build/mi_mundo
[0.290s] Invoked command in '/home/javier/slam_obstacle_ws/build/mi_mundo' returned '0': CMAKE_PREFIX_PATH=${CMAKE_PREFIX_PATH}:/home/javier/turtlebot3_ws/install/turtlebot3_teleop:/home/javier/turtlebot3_ws/install/obstacle_detector:/home/javier/turtlebot3_ws/install/turtlebot3_example:/home/javier/slam_obstacle_ws/install/slam_obstacle_detection:/home/javier/t2_ws/install/t2_robot:/opt/ros/humble /usr/bin/cmake /home/javier/slam_obstacle_ws/src/mi_mundo -DCMAKE_INSTALL_PREFIX=/home/javier/slam_obstacle_ws/install/mi_mundo
[0.291s] Invoking command in '/home/javier/slam_obstacle_ws/build/mi_mundo': CMAKE_PREFIX_PATH=${CMAKE_PREFIX_PATH}:/home/javier/turtlebot3_ws/install/turtlebot3_teleop:/home/javier/turtlebot3_ws/install/obstacle_detector:/home/javier/turtlebot3_ws/install/turtlebot3_example:/home/javier/slam_obstacle_ws/install/slam_obstacle_detection:/home/javier/t2_ws/install/t2_robot:/opt/ros/humble /usr/bin/cmake --build /home/javier/slam_obstacle_ws/build/mi_mundo -- -j12 -l12
[0.320s] Invoked command in '/home/javier/slam_obstacle_ws/build/mi_mundo' returned '0': CMAKE_PREFIX_PATH=${CMAKE_PREFIX_PATH}:/home/javier/turtlebot3_ws/install/turtlebot3_teleop:/home/javier/turtlebot3_ws/install/obstacle_detector:/home/javier/turtlebot3_ws/install/turtlebot3_example:/home/javier/slam_obstacle_ws/install/slam_obstacle_detection:/home/javier/t2_ws/install/t2_robot:/opt/ros/humble /usr/bin/cmake --build /home/javier/slam_obstacle_ws/build/mi_mundo -- -j12 -l12
[0.327s] Invoking command in '/home/javier/slam_obstacle_ws/build/mi_mundo': CMAKE_PREFIX_PATH=${CMAKE_PREFIX_PATH}:/home/javier/turtlebot3_ws/install/turtlebot3_teleop:/home/javier/turtlebot3_ws/install/obstacle_detector:/home/javier/turtlebot3_ws/install/turtlebot3_example:/home/javier/slam_obstacle_ws/install/slam_obstacle_detection:/home/javier/t2_ws/install/t2_robot:/opt/ros/humble /usr/bin/cmake --install /home/javier/slam_obstacle_ws/build/mi_mundo
[0.332s] -- Install configuration: ""
[0.333s] -- Execute custom install script
[0.333s] -- Up-to-date symlink: /home/javier/slam_obstacle_ws/install/mi_mundo/share/mi_mundo/worlds/nuevo_mapa.world
[0.333s] -- Up-to-date symlink: /home/javier/slam_obstacle_ws/install/mi_mundo/share/ament_index/resource_index/package_run_dependencies/mi_mundo
[0.333s] -- Up-to-date symlink: /home/javier/slam_obstacle_ws/install/mi_mundo/share/ament_index/resource_index/parent_prefix_path/mi_mundo
[0.333s] -- Up-to-date symlink: /home/javier/slam_obstacle_ws/install/mi_mundo/share/mi_mundo/environment/ament_prefix_path.sh
[0.333s] -- Up-to-date symlink: /home/javier/slam_obstacle_ws/install/mi_mundo/share/mi_mundo/environment/ament_prefix_path.dsv
[0.334s] -- Up-to-date symlink: /home/javier/slam_obstacle_ws/install/mi_mundo/share/mi_mundo/environment/path.sh
[0.334s] -- Up-to-date symlink: /home/javier/slam_obstacle_ws/install/mi_mundo/share/mi_mundo/environment/path.dsv
[0.334s] -- Up-to-date symlink: /home/javier/slam_obstacle_ws/install/mi_mundo/share/mi_mundo/local_setup.bash
[0.334s] -- Up-to-date symlink: /home/javier/slam_obstacle_ws/install/mi_mundo/share/mi_mundo/local_setup.sh
[0.334s] -- Up-to-date symlink: /home/javier/slam_obstacle_ws/install/mi_mundo/share/mi_mundo/local_setup.zsh
[0.334s] -- Up-to-date symlink: /home/javier/slam_obstacle_ws/install/mi_mundo/share/mi_mundo/local_setup.dsv
[0.334s] -- Symlinking: /home/javier/slam_obstacle_ws/install/mi_mundo/share/mi_mundo/package.dsv
[0.341s] -- Up-to-date symlink: /home/javier/slam_obstacle_ws/install/mi_mundo/share/ament_index/resource_index/packages/mi_mundo
[0.341s] -- Up-to-date symlink: /home/javier/slam_obstacle_ws/install/mi_mundo/share/mi_mundo/cmake/mi_mundoConfig.cmake
[0.341s] -- Up-to-date symlink: /home/javier/slam_obstacle_ws/install/mi_mundo/share/mi_mundo/cmake/mi_mundoConfig-version.cmake
[0.342s] -- Up-to-date symlink: /home/javier/slam_obstacle_ws/install/mi_mundo/share/mi_mundo/package.xml
[0.343s] Invoked command in '/home/javier/slam_obstacle_ws/build/mi_mundo' returned '0': CMAKE_PREFIX_PATH=${CMAKE_PREFIX_PATH}:/home/javier/turtlebot3_ws/install/turtlebot3_teleop:/home/javier/turtlebot3_ws/install/obstacle_detector:/home/javier/turtlebot3_ws/install/turtlebot3_example:/home/javier/slam_obstacle_ws/install/slam_obstacle_detection:/home/javier/t2_ws/install/t2_robot:/opt/ros/humble /usr/bin/cmake --install /home/javier/slam_obstacle_ws/build/mi_mundo
