[42.280s] Invoking command in '/home/javier/slam_obstacle_ws/build/slam_obstacle_detection': PYTHONPATH=/home/javier/slam_obstacle_ws/build/slam_obstacle_detection/prefix_override:/usr/lib/python3/dist-packages/colcon_core/task/python/colcon_distutils_commands:/home/javier/slam_obstacle_ws/install/slam_obstacle_detection/lib/python3.10/site-packages:${PYTHONPATH} /usr/bin/python3 -W ignore:setup.py install is deprecated -W ignore:easy_install command is deprecated setup.py develop --uninstall --editable --build-directory /home/javier/slam_obstacle_ws/build/slam_obstacle_detection/build
[42.684s] running develop
[42.969s] Removing /home/javier/slam_obstacle_ws/install/slam_obstacle_detection/lib/python3.10/site-packages/slam-obstacle-detection.egg-link (link to .)
[42.986s] Invoked command in '/home/javier/slam_obstacle_ws/build/slam_obstacle_detection' returned '0': PYTHONPATH=/home/javier/slam_obstacle_ws/build/slam_obstacle_detection/prefix_override:/usr/lib/python3/dist-packages/colcon_core/task/python/colcon_distutils_commands:/home/javier/slam_obstacle_ws/install/slam_obstacle_detection/lib/python3.10/site-packages:${PYTHONPATH} /usr/bin/python3 -W ignore:setup.py install is deprecated -W ignore:easy_install command is deprecated setup.py develop --uninstall --editable --build-directory /home/javier/slam_obstacle_ws/build/slam_obstacle_detection/build
[42.987s] Invoking command in '/home/javier/slam_obstacle_ws/src/slam_obstacle_detection': PYTHONPATH=/home/javier/slam_obstacle_ws/build/slam_obstacle_detection/prefix_override:/usr/lib/python3/dist-packages/colcon_core/task/python/colcon_distutils_commands:/home/javier/slam_obstacle_ws/install/slam_obstacle_detection/lib/python3.10/site-packages:${PYTHONPATH} /usr/bin/python3 -W ignore:setup.py install is deprecated -W ignore:easy_install command is deprecated setup.py egg_info --egg-base ../../build/slam_obstacle_detection build --build-base /home/javier/slam_obstacle_ws/build/slam_obstacle_detection/build install --record /home/javier/slam_obstacle_ws/build/slam_obstacle_detection/install.log --single-version-externally-managed install_data --force
[43.215s] running egg_info
[43.216s] writing ../../build/slam_obstacle_detection/slam_obstacle_detection.egg-info/PKG-INFO
[43.216s] writing dependency_links to ../../build/slam_obstacle_detection/slam_obstacle_detection.egg-info/dependency_links.txt
[43.216s] writing entry points to ../../build/slam_obstacle_detection/slam_obstacle_detection.egg-info/entry_points.txt
[43.216s] writing requirements to ../../build/slam_obstacle_detection/slam_obstacle_detection.egg-info/requires.txt
[43.216s] writing top-level names to ../../build/slam_obstacle_detection/slam_obstacle_detection.egg-info/top_level.txt
[43.243s] reading manifest file '../../build/slam_obstacle_detection/slam_obstacle_detection.egg-info/SOURCES.txt'
[43.314s] writing manifest file '../../build/slam_obstacle_detection/slam_obstacle_detection.egg-info/SOURCES.txt'
[43.315s] running build
[43.315s] running build_py
[43.342s] copying slam_obstacle_detection/move_robot.py -> /home/javier/slam_obstacle_ws/build/slam_obstacle_detection/build/lib/slam_obstacle_detection
[43.343s] copying slam_obstacle_detection/vision_node.py -> /home/javier/slam_obstacle_ws/build/slam_obstacle_detection/build/lib/slam_obstacle_detection
[43.344s] copying slam_obstacle_detection/wall_detector.py -> /home/javier/slam_obstacle_ws/build/slam_obstacle_detection/build/lib/slam_obstacle_detection
[43.345s] running install
[43.346s] running install_lib
[43.349s] creating /home/javier/slam_obstacle_ws/install/slam_obstacle_detection/lib/python3.10/site-packages/slam_obstacle_detection
[43.350s] copying /home/javier/slam_obstacle_ws/build/slam_obstacle_detection/build/lib/slam_obstacle_detection/move_robot.py -> /home/javier/slam_obstacle_ws/install/slam_obstacle_detection/lib/python3.10/site-packages/slam_obstacle_detection
[43.350s] copying /home/javier/slam_obstacle_ws/build/slam_obstacle_detection/build/lib/slam_obstacle_detection/vision_node.py -> /home/javier/slam_obstacle_ws/install/slam_obstacle_detection/lib/python3.10/site-packages/slam_obstacle_detection
[43.351s] copying /home/javier/slam_obstacle_ws/build/slam_obstacle_detection/build/lib/slam_obstacle_detection/__init__.py -> /home/javier/slam_obstacle_ws/install/slam_obstacle_detection/lib/python3.10/site-packages/slam_obstacle_detection
[43.351s] copying /home/javier/slam_obstacle_ws/build/slam_obstacle_detection/build/lib/slam_obstacle_detection/wall_detector.py -> /home/javier/slam_obstacle_ws/install/slam_obstacle_detection/lib/python3.10/site-packages/slam_obstacle_detection
[43.353s] byte-compiling /home/javier/slam_obstacle_ws/install/slam_obstacle_detection/lib/python3.10/site-packages/slam_obstacle_detection/move_robot.py to move_robot.cpython-310.pyc
[43.355s] Sorry: TabError: inconsistent use of tabs and spaces in indentation (move_robot.py, line 74)
[43.355s] byte-compiling /home/javier/slam_obstacle_ws/install/slam_obstacle_detection/lib/python3.10/site-packages/slam_obstacle_detection/vision_node.py to vision_node.cpython-310.pyc
[43.358s] byte-compiling /home/javier/slam_obstacle_ws/install/slam_obstacle_detection/lib/python3.10/site-packages/slam_obstacle_detection/__init__.py to __init__.cpython-310.pyc
[43.359s] byte-compiling /home/javier/slam_obstacle_ws/install/slam_obstacle_detection/lib/python3.10/site-packages/slam_obstacle_detection/wall_detector.py to wall_detector.cpython-310.pyc
[43.361s] running install_data
[43.362s] copying resource/slam_obstacle_detection -> /home/javier/slam_obstacle_ws/install/slam_obstacle_detection/share/ament_index/resource_index/packages
[43.431s] copying package.xml -> /home/javier/slam_obstacle_ws/install/slam_obstacle_detection/share/slam_obstacle_detection
[43.438s] copying launch/slam_world.launch.py -> /home/javier/slam_obstacle_ws/install/slam_obstacle_detection/share/slam_obstacle_detection/launch
[43.477s] running install_egg_info
[43.480s] Copying ../../build/slam_obstacle_detection/slam_obstacle_detection.egg-info to /home/javier/slam_obstacle_ws/install/slam_obstacle_detection/lib/python3.10/site-packages/slam_obstacle_detection-0.0.0-py3.10.egg-info
[43.542s] running install_scripts
[43.591s] Installing move_robot script to /home/javier/slam_obstacle_ws/install/slam_obstacle_detection/lib/slam_obstacle_detection
[43.592s] Installing vision_node script to /home/javier/slam_obstacle_ws/install/slam_obstacle_detection/lib/slam_obstacle_detection
[43.592s] Installing wall_detector script to /home/javier/slam_obstacle_ws/install/slam_obstacle_detection/lib/slam_obstacle_detection
[43.592s] writing list of installed files to '/home/javier/slam_obstacle_ws/build/slam_obstacle_detection/install.log'
[43.612s] Invoked command in '/home/javier/slam_obstacle_ws/src/slam_obstacle_detection' returned '0': PYTHONPATH=/home/javier/slam_obstacle_ws/build/slam_obstacle_detection/prefix_override:/usr/lib/python3/dist-packages/colcon_core/task/python/colcon_distutils_commands:/home/javier/slam_obstacle_ws/install/slam_obstacle_detection/lib/python3.10/site-packages:${PYTHONPATH} /usr/bin/python3 -W ignore:setup.py install is deprecated -W ignore:easy_install command is deprecated setup.py egg_info --egg-base ../../build/slam_obstacle_detection build --build-base /home/javier/slam_obstacle_ws/build/slam_obstacle_detection/build install --record /home/javier/slam_obstacle_ws/build/slam_obstacle_detection/install.log --single-version-externally-managed install_data --force
